<?xml version="1.0" encoding="UTF-8"?>
<testsuites name="MAE_TS2" time="21.657" tests="1" failures="0" errors="0">
   <testsuite name="MAE_TS2" tests="1" failures="0" errors="0" time="21.657" skipped="0" timestamp="2023-03-16 20:39:25" hostname="00123955 - L181102205W10.mshome.net" id="Test Suites/MAE_TS2">
      <properties>
         <property name="deviceName" value="samsung SM-G998B (Android 11)"/>
         <property name="devicePlatform" value=""/>
         <property name="logFolder" value="C:\\Users\\00123955\\git\\showcaseGITmarch\\Reports\\20230316_203920\\MAE_TS2\\20230316_203920"/>
         <property name="logFiles" value="C:\\Users\\00123955\\git\\showcaseGITmarch\\Reports\\20230316_203920\\MAE_TS2\\20230316_203920\\appium.log, C:\\Users\\00123955\\git\\showcaseGITmarch\\Reports\\20230316_203920\\MAE_TS2\\20230316_203920\\execution0.log"/>
         <property name="attachments" value="C:\Users23955\git\screenshot\MAE\1.png, C:\Users23955\git\screenshot\MAE\2.png"/>
         <property name="hostName" value="00123955 - L181102205W10.mshome.net"/>
         <property name="os" value="Windows 10 64bit"/>
         <property name="appiumServerStatus" value="{&quot;value&quot;:{&quot;build&quot;:{&quot;version&quot;:&quot;1.18.1&quot;}},&quot;sessionId&quot;:null,&quot;status&quot;:0}"/>
         <property name="katalonVersion" value="8.5.5.208"/>
         <property name="deviceOS" value="Android"/>
         <property name="appiumVersion" value="1.18.1"/>
         <property name="deviceModel" value="SM-G998B"/>
         <property name="hostAddress" value="192.168.174.129"/>
         <property name="deviceManufacturer" value="samsung"/>
         <property name="deviceId" value="R5CR704KXSR"/>
         <property name="deviceName" value="samsung SM-G998B (Android 11)"/>
         <property name="deviceOSVersion" value="11"/>
      </properties>
      <testcase name="Test Cases/Mobile TC/MAE Login" time="21.315" classname="Test Cases/Mobile TC/MAE Login" status="PASSED">
         <system-out><![CDATA[2023-03-16 20:39:25 - [TEST_CASE][PASSED] - Test Cases/Mobile TC/MAE Login: Test Cases/Mobile TC/MAE Login

2023-03-16 20:39:26 - [TEST_STEP][PASSED] - startExistingApplication("com.maybank2u.life"): Starting app with application ID: 'com.maybank2u.life'

2023-03-16 20:39:27 - [MESSAGE][INFO] - Detected NodeJS location: "C:\Program Files\nodejs\node.exe"

2023-03-16 20:39:31 - [MESSAGE][INFO] - Appium server started on port 52,631

2023-03-16 20:39:43 - [MESSAGE][PASSED] - Starting app with application ID: 'com.maybank2u.life'

2023-03-16 20:39:43 - [TEST_STEP][PASSED] - getText(findTestObject("Object Repository/MAE Transfer/android.widget.TextView - Maybank2u"), 0): Text of element 'Object Repository/MAE Transfer/android.widget.TextView - Maybank2u' is: 'Maybank2u'

2023-03-16 20:39:43 - [MESSAGE][WARNING] - Timeout '0' is invalid. Using default page load timeout: '30'

2023-03-16 20:39:44 - [MESSAGE][PASSED] - Text of element 'Object Repository/MAE Transfer/android.widget.TextView - Maybank2u' is: 'Maybank2u'

2023-03-16 20:39:44 - [TEST_STEP][PASSED] - takeScreenshot("C:\Users23955\git\screenshot\MAE\1.png", CONTINUE_ON_FAILURE): Screenshot is taken

2023-03-16 20:39:45 - [MESSAGE][WARNING] - The filename, directory name, or volume label syntax is incorrect

2023-03-16 20:39:45 - [MESSAGE][PASSED] - Screenshot is taken
[[ATTACHMENT|C:\Users23955\git\screenshot\MAE\1.png]]

2023-03-16 20:39:45 - [TEST_STEP][PASSED] - tap(findTestObject("Object Repository/MAE Transfer/android.widget.TextView - Maybank2u"), 0): Tapped on element 'Object Repository/MAE Transfer/android.widget.TextView - Maybank2u'

2023-03-16 20:39:45 - [MESSAGE][WARNING] - Timeout '0' is invalid. Using default page load timeout: '30'

2023-03-16 20:39:45 - [MESSAGE][PASSED] - Tapped on element 'Object Repository/MAE Transfer/android.widget.TextView - Maybank2u'

2023-03-16 20:39:45 - [TEST_STEP][PASSED] - getText(findTestObject("Object Repository/MAE Transfer/android.widget.TextView - Enter your 6-digit PIN"), 0): Text of element 'Object Repository/MAE Transfer/android.widget.TextView - Enter your 6-digit PIN' is: 'Enter your 6-digit PIN'

2023-03-16 20:39:45 - [MESSAGE][WARNING] - Timeout '0' is invalid. Using default page load timeout: '30'

2023-03-16 20:39:46 - [MESSAGE][PASSED] - Text of element 'Object Repository/MAE Transfer/android.widget.TextView - Enter your 6-digit PIN' is: 'Enter your 6-digit PIN'

2023-03-16 20:39:46 - [TEST_STEP][PASSED] - takeScreenshot("C:\Users23955\git\screenshot\MAE\2.png", CONTINUE_ON_FAILURE): Screenshot is taken

2023-03-16 20:39:47 - [MESSAGE][WARNING] - The filename, directory name, or volume label syntax is incorrect

2023-03-16 20:39:47 - [MESSAGE][PASSED] - Screenshot is taken
[[ATTACHMENT|C:\Users23955\git\screenshot\MAE\2.png]]

2023-03-16 20:39:47 - [TEST_STEP][NOT_RUN] - tap(findTestObject("Object Repository/MAE Transfer/android.widget.TextView - 1"), 0): NOT_RUN: tap(findTestObject("Object Repository/MAE Transfer/android.widget.TextView - 1"), 0)

2023-03-16 20:39:47 - [MESSAGE][NOT_RUN] - NOT_RUN: tap(findTestObject("Object Repository/MAE Transfer/android.widget.TextView - 1"), 0)

2023-03-16 20:39:47 - [TEST_STEP][NOT_RUN] - tap(findTestObject(""), 0): NOT_RUN: tap(findTestObject(""), 0)

2023-03-16 20:39:47 - [MESSAGE][NOT_RUN] - NOT_RUN: tap(findTestObject(""), 0)

2023-03-16 20:39:47 - [TEST_STEP][NOT_RUN] - tap(findTestObject(""), 0): NOT_RUN: tap(findTestObject(""), 0)

2023-03-16 20:39:47 - [MESSAGE][NOT_RUN] - NOT_RUN: tap(findTestObject(""), 0)

2023-03-16 20:39:47 - [TEST_STEP][NOT_RUN] - tap(findTestObject(""), 0): NOT_RUN: tap(findTestObject(""), 0)

2023-03-16 20:39:47 - [MESSAGE][NOT_RUN] - NOT_RUN: tap(findTestObject(""), 0)

2023-03-16 20:39:47 - [TEST_STEP][NOT_RUN] - tap(findTestObject(""), 0): NOT_RUN: tap(findTestObject(""), 0)

2023-03-16 20:39:47 - [MESSAGE][NOT_RUN] - NOT_RUN: tap(findTestObject(""), 0)

2023-03-16 20:39:47 - [TEST_STEP][NOT_RUN] - tap(findTestObject(""), 0): NOT_RUN: tap(findTestObject(""), 0)

2023-03-16 20:39:47 - [MESSAGE][NOT_RUN] - NOT_RUN: tap(findTestObject(""), 0)

2023-03-16 20:39:47 - [TEST_STEP][NOT_RUN] - getText(findTestObject("Object Repository/MAE Transfer/android.widget.TextView - Total Balance"), 0): NOT_RUN: getText(findTestObject("Object Repository/MAE Transfer/android.widget.TextView - Total Balance"), 0)

2023-03-16 20:39:47 - [MESSAGE][NOT_RUN] - NOT_RUN: getText(findTestObject("Object Repository/MAE Transfer/android.widget.TextView - Total Balance"), 0)

2023-03-16 20:39:47 - [TEST_STEP][NOT_RUN] - getText(findTestObject("Object Repository/MAE Transfer/android.widget.TextView - Savings Account-i"), 0): NOT_RUN: getText(findTestObject("Object Repository/MAE Transfer/android.widget.TextView - Savings Account-i"), 0)

2023-03-16 20:39:47 - [MESSAGE][NOT_RUN] - NOT_RUN: getText(findTestObject("Object Repository/MAE Transfer/android.widget.TextView - Savings Account-i"), 0)

2023-03-16 20:39:47 - [TEST_STEP][NOT_RUN] - tap(findTestObject(""), 0): NOT_RUN: tap(findTestObject(""), 0)

2023-03-16 20:39:47 - [MESSAGE][NOT_RUN] - NOT_RUN: tap(findTestObject(""), 0)

2023-03-16 20:39:47 - [TEST_STEP][NOT_RUN] - getText(findTestObject("Object Repository/MAE Transfer/android.widget.TextView - View Transactions"), 0): NOT_RUN: getText(findTestObject("Object Repository/MAE Transfer/android.widget.TextView - View Transactions"), 0)

2023-03-16 20:39:47 - [MESSAGE][NOT_RUN] - NOT_RUN: getText(findTestObject("Object Repository/MAE Transfer/android.widget.TextView - View Transactions"), 0)

2023-03-16 20:39:47 - [TEST_STEP][NOT_RUN] - getText(findTestObject("Object Repository/MAE Transfer/android.widget.TextView - Transfer"), 0): NOT_RUN: getText(findTestObject("Object Repository/MAE Transfer/android.widget.TextView - Transfer"), 0)

2023-03-16 20:39:47 - [MESSAGE][NOT_RUN] - NOT_RUN: getText(findTestObject("Object Repository/MAE Transfer/android.widget.TextView - Transfer"), 0)

2023-03-16 20:39:47 - [TEST_STEP][NOT_RUN] - tap(findTestObject(""), 0): NOT_RUN: tap(findTestObject(""), 0)

2023-03-16 20:39:47 - [MESSAGE][NOT_RUN] - NOT_RUN: tap(findTestObject(""), 0)

2023-03-16 20:39:47 - [TEST_STEP][NOT_RUN] - getText(findTestObject("Object Repository/MAE Transfer/android.widget.EditText - M2U password"), 0): NOT_RUN: getText(findTestObject("Object Repository/MAE Transfer/android.widget.EditText - M2U password"), 0)

2023-03-16 20:39:47 - [MESSAGE][NOT_RUN] - NOT_RUN: getText(findTestObject("Object Repository/MAE Transfer/android.widget.EditText - M2U password"), 0)

2023-03-16 20:39:47 - [TEST_STEP][NOT_RUN] - setText(findTestObject(""), "Mayesha@2", 0): NOT_RUN: setText(findTestObject(""), "Mayesha@2", 0)

2023-03-16 20:39:47 - [MESSAGE][NOT_RUN] - NOT_RUN: setText(findTestObject(""), "Mayesha@2", 0)

2023-03-16 20:39:47 - [TEST_STEP][NOT_RUN] - hideKeyboard(): NOT_RUN: hideKeyboard()

2023-03-16 20:39:47 - [MESSAGE][NOT_RUN] - NOT_RUN: hideKeyboard()

2023-03-16 20:39:47 - [TEST_STEP][NOT_RUN] - getText(findTestObject("Object Repository/MAE Transfer/android.widget.TextView - Continue"), 0): NOT_RUN: getText(findTestObject("Object Repository/MAE Transfer/android.widget.TextView - Continue"), 0)

2023-03-16 20:39:47 - [MESSAGE][NOT_RUN] - NOT_RUN: getText(findTestObject("Object Repository/MAE Transfer/android.widget.TextView - Continue"), 0)

2023-03-16 20:39:47 - [TEST_STEP][NOT_RUN] - tap(findTestObject(""), 0): NOT_RUN: tap(findTestObject(""), 0)

2023-03-16 20:39:47 - [MESSAGE][NOT_RUN] - NOT_RUN: tap(findTestObject(""), 0)

2023-03-16 20:39:47 - [TEST_STEP][NOT_RUN] - tap(findTestObject("Object Repository/MAE Transfer/android.widget.TextView - MAE"), 0): NOT_RUN: tap(findTestObject("Object Repository/MAE Transfer/android.widget.TextView - MAE"), 0)

2023-03-16 20:39:47 - [MESSAGE][NOT_RUN] - NOT_RUN: tap(findTestObject("Object Repository/MAE Transfer/android.widget.TextView - MAE"), 0)

2023-03-16 20:39:47 - [TEST_STEP][NOT_RUN] - getText(findTestObject("Object Repository/MAE Transfer/android.widget.TextView - Enter amount"), 0): NOT_RUN: getText(findTestObject("Object Repository/MAE Transfer/android.widget.TextView - Enter amount"), 0)

2023-03-16 20:39:47 - [MESSAGE][NOT_RUN] - NOT_RUN: getText(findTestObject("Object Repository/MAE Transfer/android.widget.TextView - Enter amount"), 0)

2023-03-16 20:39:47 - [TEST_STEP][NOT_RUN] - tap(findTestObject("Object Repository/MAE Transfer/android.widget.TextView - 1 (1)"), 0): NOT_RUN: tap(findTestObject("Object Repository/MAE Transfer/android.widget.TextView - 1 (1)"), 0)

2023-03-16 20:39:47 - [MESSAGE][NOT_RUN] - NOT_RUN: tap(findTestObject("Object Repository/MAE Transfer/android.widget.TextView - 1 (1)"), 0)

2023-03-16 20:39:47 - [TEST_STEP][NOT_RUN] - tap(findTestObject("Object Repository/MAE Transfer/android.widget.ImageView"), 0): NOT_RUN: tap(findTestObject("Object Repository/MAE Transfer/android.widget.ImageView"), 0)

2023-03-16 20:39:47 - [MESSAGE][NOT_RUN] - NOT_RUN: tap(findTestObject("Object Repository/MAE Transfer/android.widget.ImageView"), 0)

2023-03-16 20:39:47 - [TEST_STEP][NOT_RUN] - getText(findTestObject("Object Repository/MAE Transfer/android.widget.TextView - Enter recipient reference"), 0): NOT_RUN: getText(findTestObject("Object Repository/MAE Transfer/android.widget.TextView - Enter recipient reference"), 0)

2023-03-16 20:39:47 - [MESSAGE][NOT_RUN] - NOT_RUN: getText(findTestObject("Object Repository/MAE Transfer/android.widget.TextView - Enter recipient reference"), 0)

2023-03-16 20:39:47 - [TEST_STEP][NOT_RUN] - setText(findTestObject("Object Repository/MAE Transfer/android.widget.EditText"), "self transfer", 0): NOT_RUN: setText(findTestObject("Object Repository/MAE Transfer/android.widget.EditText"), "self transfer", 0)

2023-03-16 20:39:47 - [MESSAGE][NOT_RUN] - NOT_RUN: setText(findTestObject("Object Repository/MAE Transfer/android.widget.EditText"), "self transfer", 0)

2023-03-16 20:39:47 - [TEST_STEP][NOT_RUN] - hideKeyboard(): NOT_RUN: hideKeyboard()

2023-03-16 20:39:47 - [MESSAGE][NOT_RUN] - NOT_RUN: hideKeyboard()

2023-03-16 20:39:47 - [TEST_STEP][NOT_RUN] - tap(findTestObject("Object Repository/MAE Transfer/android.widget.TextView - Continue (1)"), 0): NOT_RUN: tap(findTestObject("Object Repository/MAE Transfer/android.widget.TextView - Continue (1)"), 0)

2023-03-16 20:39:47 - [MESSAGE][NOT_RUN] - NOT_RUN: tap(findTestObject("Object Repository/MAE Transfer/android.widget.TextView - Continue (1)"), 0)

2023-03-16 20:39:47 - [TEST_STEP][NOT_RUN] - getText(findTestObject("Object Repository/MAE Transfer/android.widget.TextView - Transfer Now"), 0): NOT_RUN: getText(findTestObject("Object Repository/MAE Transfer/android.widget.TextView - Transfer Now"), 0)

2023-03-16 20:39:47 - [MESSAGE][NOT_RUN] - NOT_RUN: getText(findTestObject("Object Repository/MAE Transfer/android.widget.TextView - Transfer Now"), 0)

2023-03-16 20:39:47 - [TEST_STEP][NOT_RUN] - tap(findTestObject(""), 0): NOT_RUN: tap(findTestObject(""), 0)

2023-03-16 20:39:47 - [MESSAGE][NOT_RUN] - NOT_RUN: tap(findTestObject(""), 0)

2023-03-16 20:39:47 - [TEST_STEP][NOT_RUN] - getText(findTestObject("Object Repository/MAE Transfer/android.widget.TextView - Transfer successful"), 0): NOT_RUN: getText(findTestObject("Object Repository/MAE Transfer/android.widget.TextView - Transfer successful"), 0)

2023-03-16 20:39:47 - [MESSAGE][NOT_RUN] - NOT_RUN: getText(findTestObject("Object Repository/MAE Transfer/android.widget.TextView - Transfer successful"), 0)

2023-03-16 20:39:47 - [TEST_STEP][NOT_RUN] - getText(findTestObject("Object Repository/MAE Transfer/android.widget.TextView - 501652585M"), 0): NOT_RUN: getText(findTestObject("Object Repository/MAE Transfer/android.widget.TextView - 501652585M"), 0)

2023-03-16 20:39:47 - [MESSAGE][NOT_RUN] - NOT_RUN: getText(findTestObject("Object Repository/MAE Transfer/android.widget.TextView - 501652585M"), 0)

2023-03-16 20:39:47 - [TEST_STEP][NOT_RUN] - tap(findTestObject("Object Repository/MAE Transfer/android.widget.TextView - Share Receipt"), 0): NOT_RUN: tap(findTestObject("Object Repository/MAE Transfer/android.widget.TextView - Share Receipt"), 0)

2023-03-16 20:39:47 - [MESSAGE][NOT_RUN] - NOT_RUN: tap(findTestObject("Object Repository/MAE Transfer/android.widget.TextView - Share Receipt"), 0)

2023-03-16 20:39:47 - [TEST_STEP][NOT_RUN] - getText(findTestObject("Object Repository/MAE Transfer/android.widget.TextView - Successful"), 0): NOT_RUN: getText(findTestObject("Object Repository/MAE Transfer/android.widget.TextView - Successful"), 0)

2023-03-16 20:39:47 - [MESSAGE][NOT_RUN] - NOT_RUN: getText(findTestObject("Object Repository/MAE Transfer/android.widget.TextView - Successful"), 0)

2023-03-16 20:39:47 - [TEST_STEP][NOT_RUN] - tap(findTestObject("Object Repository/MAE Transfer/android.widget.ImageView (1)"), 0): NOT_RUN: tap(findTestObject("Object Repository/MAE Transfer/android.widget.ImageView (1)"), 0)

2023-03-16 20:39:47 - [MESSAGE][NOT_RUN] - NOT_RUN: tap(findTestObject("Object Repository/MAE Transfer/android.widget.ImageView (1)"), 0)

2023-03-16 20:39:47 - [TEST_STEP][NOT_RUN] - getText(findTestObject("Object Repository/MAE Transfer/android.widget.TextView - Done"), 0): NOT_RUN: getText(findTestObject("Object Repository/MAE Transfer/android.widget.TextView - Done"), 0)

2023-03-16 20:39:47 - [MESSAGE][NOT_RUN] - NOT_RUN: getText(findTestObject("Object Repository/MAE Transfer/android.widget.TextView - Done"), 0)

2023-03-16 20:39:47 - [TEST_STEP][NOT_RUN] - tap(findTestObject(""), 0): NOT_RUN: tap(findTestObject(""), 0)

2023-03-16 20:39:47 - [MESSAGE][NOT_RUN] - NOT_RUN: tap(findTestObject(""), 0)

2023-03-16 20:39:47 - [TEST_STEP][NOT_RUN] - closeApplication(): NOT_RUN: closeApplication()

2023-03-16 20:39:47 - [MESSAGE][NOT_RUN] - NOT_RUN: closeApplication()]]></system-out>
         <system-err><![CDATA[]]></system-err>
      </testcase>
      <system-out><![CDATA[2023-03-16 20:39:25 - [TEST_SUITE][PASSED] - MAE_TS2: Test Cases/Mobile TC/MAE Login]]></system-out>
      <system-err><![CDATA[]]></system-err>
   </testsuite>
</testsuites>
