<?xml version="1.0" encoding="UTF-8"?>
<testsuites name="Test suite folder 4" time="186.131" tests="2" failures="0" errors="0">
   <testsuite name="Test suite folder 4" tests="2" failures="0" errors="0" time="186.131" skipped="0" timestamp="2023-03-11 00:21:50" hostname="00123955 - L181102205W10.mshome.net" id="Test Suites/Test suite folder 4">
      <properties>
         <property name="deviceName" value=""/>
         <property name="devicePlatform" value=""/>
         <property name="logFolder" value="C:\\Users\\00123955\\git\\showcaseGITmarch\\Reports\\20230311_002112\\Test suite folder 4\\20230311_002120"/>
         <property name="logFiles" value="C:\\Users\\00123955\\git\\showcaseGITmarch\\Reports\\20230311_002112\\Test suite folder 4\\20230311_002120\\execution0.log"/>
         <property name="attachments" value=""/>
         <property name="hostName" value="00123955 - L181102205W10.mshome.net"/>
         <property name="remoteDriverUrl" value="testcloud.katalon.com/hub"/>
         <property name="desiredCapabilities" value="{
  &quot;acceptInsecureCerts&quot;: false,
  &quot;browserName&quot;: &quot;chrome&quot;,
  &quot;browserVersion&quot;: &quot;107.0.5304.110&quot;,
  &quot;chrome&quot;: {
    &quot;chromedriverVersion&quot;: &quot;107.0.5304.62 (1eec40d3a5764881c92085aaee66d25075c159aa-refs/branch-heads/5304@{#942})&quot;,
    &quot;userDataDir&quot;: &quot;/tmp/.com.google.Chrome.TPA7F9&quot;
  },
  &quot;goog:chromeOptions&quot;: {
    &quot;debuggerAddress&quot;: &quot;localhost:38603&quot;
  },
  &quot;javascriptEnabled&quot;: true,
  &quot;katalon:option&quot;: {
    &quot;unlimitedExecutionMinutes&quot;: true,
    &quot;jwt&quot;: &quot;eyJ0eXAiOiJKV1QiLCJhbGciOiJSUzI1NiJ9.eyJzdWIiOiJtb2hkbW9zYWouZ0BtYXliYW5rLmNvbSIsInVwbiI6IjQwNzMzMyIsImdyb3VwcyI6WyJVU0VSIl0sInN0YXR1cyI6IkxFR0FDWSIsImdpdmVuX25hbWUiOiJtb3NhamdvaGFyIiwiZmFtaWx5X25hbWUiOiIiLCJlbWFpbCI6Im1vaGRtb3Nhai5nQG1heWJhbmsuY29tIiwiZW1haWxfdmVyaWZpZWQiOmZhbHNlLCJjcmVhdGVkX2F0IjoxNTgxNjUzMTUzLCJ1cGRhdGVkX2F0IjoxNjc4NDY0OTQ4LCJhbXIiOlsicHdkIl0sImlhdCI6MTY3ODQ2NTE5NSwiZXhwIjoxNjc5MDY5OTk1LCJqdGkiOiJmOTY3MTQ2ZC1hYzdhLTQ3NjMtYjAzOC04NGM4ZDQ3NDVmMTAiLCJpc3MiOiJrYXRhbG9uLWF1dGgifQ.ItWX4GHaC8GtRmjZ6zmSo3EbGnPoQ_Mpiu9Q56wYDHSwoK4NIrClSUeVlH-iZrbBVe9WnCSreTw5EPoMT5mA1xfVm0SHjtehedcyWMaalhjD8X-4vIDqcm1K3SDMeJgbd7C96L-GI6bU-q8mnv65nynIthiSj2s147MkNSfoQ0TA3Wc-QIyT9-aDkbVMqexMw5ESIVqnxDoC7PPgwKoo75nF-u_g9bYMmJP2XVajacYR4wmMgtuzlrFdZYbs-HBmGTsBcQcWSd-0rnpU6sd2rmZDm3kC7A8Impc2VbuApuXBZEL02-usy07lKqFiwfnwmDcmBzs9xGs13D5T0kBNmg&quot;,
    &quot;userId&quot;: 407333,
    &quot;organizationId&quot;: &quot;1112204&quot;,
    &quot;class&quot;: &quot;com.katalon.testcloud.grid.common.tunnel.domain.UserOptionCapability&quot;,
    &quot;runFromTestCloud&quot;: true,
    &quot;usingTunnel&quot;: false,
    &quot;username&quot;: &quot;mohdmosaj.g@maybank.com&quot;
  },
  &quot;networkConnectionEnabled&quot;: false,
  &quot;pageLoadStrategy&quot;: &quot;normal&quot;,
  &quot;platform&quot;: &quot;LINUX&quot;,
  &quot;platformName&quot;: &quot;LINUX&quot;,
  &quot;proxy&quot;: {
    &quot;proxyType&quot;: &quot;DIRECT&quot;,
    &quot;autodetect&quot;: false
  },
  &quot;requestId&quot;: &quot;e02330f9-ea52-4156-a121-e8c574cc61de&quot;,
  &quot;se:cdp&quot;: &quot;ws://172.48.34.208:4444/session/4b73955312d08f56fe6b29c1368b4d82/se/cdp&quot;,
  &quot;se:cdpVersion&quot;: &quot;107.0.5304.110&quot;,
  &quot;se:vnc&quot;: &quot;ws://172.48.34.208:4444/session/4b73955312d08f56fe6b29c1368b4d82/se/vnc&quot;,
  &quot;se:vncEnabled&quot;: true,
  &quot;se:vncLocalAddress&quot;: &quot;ws://172.48.34.208:7900&quot;,
  &quot;setWindowRect&quot;: true,
  &quot;strictFileInteractability&quot;: false,
  &quot;timeouts&quot;: {
    &quot;implicit&quot;: 0,
    &quot;pageLoad&quot;: 300000,
    &quot;script&quot;: 30000
  },
  &quot;unhandledPromptBehavior&quot;: &quot;dismiss and notify&quot;,
  &quot;webauthn:extension:credBlob&quot;: true,
  &quot;webauthn:extension:largeBlob&quot;: true,
  &quot;webauthn:virtualAuthenticators&quot;: true
}"/>
         <property name="os" value="Windows 10 64bit"/>
         <property name="remoteOS" value="Linux"/>
         <property name="katalonVersion" value="8.5.5.208"/>
         <property name="browser" value="Chrome 107.0.0.0"/>
         <property name="hostAddress" value="192.168.174.129"/>
         <property name="sessionId" value="4b73955312d08f56fe6b29c1368b4d82"/>
         <property name="seleniumVersion" value="3.141.59"/>
         <property name="proxyInformation" value="ProxyInformation { proxyOption=NO_PROXY, proxyServerType=HTTP, username=, password=********, proxyServerAddress=, proxyServerPort=0, executionList=&quot;&quot;, isApplyToDesiredCapabilities=true }"/>
         <property name="platform" value="Windows 10"/>
      </properties>
      <testcase name="Test Cases/Web Login/Login_Logout" time="102.997" classname="Test Cases/Web Login/Login_Logout" status="PASSED">
         <system-out><![CDATA[2023-03-11 00:21:52 - [TEST_CASE][PASSED] - Test Cases/Web Login/Login_Logout: Test Cases/Web Login/Login_Logout

2023-03-11 00:21:55 - [TEST_STEP][PASSED] - openBrowser(""): Browser is opened with url: ''

2023-03-11 00:21:57 - [MESSAGE][INFO] - User set preference: ['os', 'linux']

2023-03-11 00:21:57 - [MESSAGE][INFO] - User set preference: ['browserName', 'chrome']

2023-03-11 00:21:57 - [MESSAGE][INFO] - User set preference: ['browserVersion', '107']

2023-03-11 00:21:57 - [MESSAGE][INFO] - User set preference: ['katalon:option', '{organizationId=1112204, tunnelId=, usingTunnel=false}']

2023-03-11 00:21:57 - [MESSAGE][INFO] - Connecting to remote web server 'testcloud.katalon.com/hub' with type 'Selenium'

2023-03-11 00:22:00 - [MESSAGE][INFO] - Action delay is set to 0 milliseconds

2023-03-11 00:22:36 - [MESSAGE][PASSED] - Browser is opened with url: ''

2023-03-11 00:22:36 - [TEST_STEP][PASSED] - maximizeWindow(): Current window maximized

2023-03-11 00:22:37 - [MESSAGE][PASSED] - Current window maximized

2023-03-11 00:22:37 - [TEST_STEP][PASSED] - navigateToUrl("https://www.maybank2u.com.my/home/m2u/common/login.do"): Navigate to 'https://www.maybank2u.com.my/home/m2u/common/login.do' successfully

2023-03-11 00:22:43 - [MESSAGE][PASSED] - Navigate to 'https://www.maybank2u.com.my/home/m2u/common/login.do' successfully

2023-03-11 00:22:43 - [TEST_STEP][PASSED] - setText(findTestObject("Object Repository/Web Login/Page_Maybank2u  Maybank Malaysia/input_Humanising Financial Services_username"), findTestData("DevOps").getValue(1, 1)): Text 'mosajgohar1' is set on object 'Object Repository/Web Login/Page_Maybank2u  Maybank Malaysia/input_Humanising Financial Services_username'

2023-03-11 00:22:52 - [MESSAGE][PASSED] - Text 'mosajgohar1' is set on object 'Object Repository/Web Login/Page_Maybank2u  Maybank Malaysia/input_Humanising Financial Services_username'

2023-03-11 00:22:52 - [TEST_STEP][PASSED] - click(findTestObject("Object Repository/Web Login/Page_Maybank2u  Maybank Malaysia/button_LOGIN")): Object: 'Object Repository/Web Login/Page_Maybank2u  Maybank Malaysia/button_LOGIN' is clicked on

2023-03-11 00:22:56 - [MESSAGE][PASSED] - Object: 'Object Repository/Web Login/Page_Maybank2u  Maybank Malaysia/button_LOGIN' is clicked on

2023-03-11 00:22:56 - [TEST_STEP][PASSED] - click(findTestObject("Object Repository/Web Login/Page_Maybank2u  Maybank Malaysia/button_YES")): Object: 'Object Repository/Web Login/Page_Maybank2u  Maybank Malaysia/button_YES' is clicked on

2023-03-11 00:23:01 - [MESSAGE][PASSED] - Object: 'Object Repository/Web Login/Page_Maybank2u  Maybank Malaysia/button_YES' is clicked on

2023-03-11 00:23:01 - [TEST_STEP][PASSED] - setText(findTestObject("Object Repository/Web Login/Page_Maybank2u  Maybank Malaysia/input_Hello_my-password-input"), findTestData("DevOps").getValue(2, 1)): Text 'Mayesha@2' is set on object 'Object Repository/Web Login/Page_Maybank2u  Maybank Malaysia/input_Hello_my-password-input'

2023-03-11 00:23:10 - [MESSAGE][PASSED] - Text 'Mayesha@2' is set on object 'Object Repository/Web Login/Page_Maybank2u  Maybank Malaysia/input_Hello_my-password-input'

2023-03-11 00:23:10 - [TEST_STEP][PASSED] - click(findTestObject("Object Repository/Web Login/Page_Maybank2u  Maybank Malaysia/span_LOGIN")): Object: 'Object Repository/Web Login/Page_Maybank2u  Maybank Malaysia/span_LOGIN' is clicked on

2023-03-11 00:23:14 - [MESSAGE][PASSED] - Object: 'Object Repository/Web Login/Page_Maybank2u  Maybank Malaysia/span_LOGIN' is clicked on

2023-03-11 00:23:14 - [TEST_STEP][PASSED] - delay(20): Delayed 20 second(s)

2023-03-11 00:23:34 - [MESSAGE][PASSED] - Delayed 20 second(s)

2023-03-11 00:23:34 - [TEST_STEP][PASSED] - closeBrowser(): Browser is closed

2023-03-11 00:23:35 - [MESSAGE][PASSED] - Browser is closed]]></system-out>
         <system-err><![CDATA[]]></system-err>
      </testcase>
      <testcase name="Test Cases/Web Login/m2u home page Navigation" time="81.631" classname="Test Cases/Web Login/m2u home page Navigation" status="PASSED">
         <system-out><![CDATA[2023-03-11 00:23:35 - [TEST_CASE][PASSED] - Test Cases/Web Login/m2u home page Navigation: Test Cases/Web Login/m2u home page Navigation

2023-03-11 00:23:36 - [TEST_STEP][PASSED] - openBrowser(""): Browser is opened with url: ''

2023-03-11 00:23:36 - [MESSAGE][INFO] - User set preference: ['os', 'linux']

2023-03-11 00:23:36 - [MESSAGE][INFO] - User set preference: ['browserName', 'chrome']

2023-03-11 00:23:36 - [MESSAGE][INFO] - User set preference: ['browserVersion', '107']

2023-03-11 00:23:36 - [MESSAGE][INFO] - User set preference: ['katalon:option', '{organizationId=1112204, tunnelId=, usingTunnel=false}']

2023-03-11 00:23:36 - [MESSAGE][INFO] - Connecting to remote web server 'testcloud.katalon.com/hub' with type 'Selenium'

2023-03-11 00:23:36 - [MESSAGE][INFO] - Action delay is set to 0 milliseconds

2023-03-11 00:24:01 - [MESSAGE][PASSED] - Browser is opened with url: ''

2023-03-11 00:24:01 - [TEST_STEP][PASSED] - maximizeWindow(): Current window maximized

2023-03-11 00:24:02 - [MESSAGE][PASSED] - Current window maximized

2023-03-11 00:24:02 - [TEST_STEP][PASSED] - navigateToUrl("https://www.maybank2u.com.my/home/m2u/common/login.do"): Navigate to 'https://www.maybank2u.com.my/home/m2u/common/login.do' successfully

2023-03-11 00:24:05 - [MESSAGE][PASSED] - Navigate to 'https://www.maybank2u.com.my/home/m2u/common/login.do' successfully

2023-03-11 00:24:05 - [TEST_STEP][PASSED] - delay(2): Delayed 2 second(s)

2023-03-11 00:24:07 - [MESSAGE][PASSED] - Delayed 2 second(s)

2023-03-11 00:24:07 - [TEST_STEP][PASSED] - click(findTestObject("Object Repository/m2u home page/Page_Maybank2u  Maybank Malaysia/a_BUSINESS")): Object: 'Object Repository/m2u home page/Page_Maybank2u  Maybank Malaysia/a_BUSINESS' is clicked on

2023-03-11 00:24:11 - [MESSAGE][PASSED] - Object: 'Object Repository/m2u home page/Page_Maybank2u  Maybank Malaysia/a_BUSINESS' is clicked on

2023-03-11 00:24:11 - [TEST_STEP][PASSED] - delay(2): Delayed 2 second(s)

2023-03-11 00:24:13 - [MESSAGE][PASSED] - Delayed 2 second(s)

2023-03-11 00:24:13 - [TEST_STEP][PASSED] - verifyElementText(findTestObject("Object Repository/m2u home page/Page_Maybank2u Business  One Stop Digital S_523ae9/span_Login"), "LOGIN"): Actual text and expected text of test object 'Object Repository/m2u home page/Page_Maybank2u Business  One Stop Digital S_523ae9/span_Login' are matched.

2023-03-11 00:24:17 - [MESSAGE][PASSED] - Actual text and expected text of test object 'Object Repository/m2u home page/Page_Maybank2u Business  One Stop Digital S_523ae9/span_Login' are matched.

2023-03-11 00:24:17 - [TEST_STEP][PASSED] - click(findTestObject("Object Repository/m2u home page/Page_Maybank2u Business  One Stop Digital S_523ae9/span_Login")): Object: 'Object Repository/m2u home page/Page_Maybank2u Business  One Stop Digital S_523ae9/span_Login' is clicked on

2023-03-11 00:24:23 - [MESSAGE][PASSED] - Object: 'Object Repository/m2u home page/Page_Maybank2u Business  One Stop Digital S_523ae9/span_Login' is clicked on

2023-03-11 00:24:23 - [TEST_STEP][PASSED] - click(findTestObject("Object Repository/m2u home page/Page_Maybank2u.com Online Financial Services/button_close")): Object: 'Object Repository/m2u home page/Page_Maybank2u.com Online Financial Services/button_close' is clicked on

2023-03-11 00:24:30 - [MESSAGE][PASSED] - Object: 'Object Repository/m2u home page/Page_Maybank2u.com Online Financial Services/button_close' is clicked on

2023-03-11 00:24:32 - [TEST_STEP][PASSED] - click(findTestObject("Object Repository/m2u home page/Page_Maybank2u.com Online Financial Services/input_Username_action")): Object: 'Object Repository/m2u home page/Page_Maybank2u.com Online Financial Services/input_Username_action' is clicked on

2023-03-11 00:24:38 - [MESSAGE][PASSED] - Object: 'Object Repository/m2u home page/Page_Maybank2u.com Online Financial Services/input_Username_action' is clicked on

2023-03-11 00:24:40 - [TEST_STEP][PASSED] - getText(findTestObject("Object Repository/m2u home page/Page_Maybank2u.com Online Financial Services/span_Username is required")): Text of object 'Object Repository/m2u home page/Page_Maybank2u.com Online Financial Services/span_Username is required' is: 'Username is required.'

2023-03-11 00:24:45 - [MESSAGE][PASSED] - Text of object 'Object Repository/m2u home page/Page_Maybank2u.com Online Financial Services/span_Username is required' is: 'Username is required.'

2023-03-11 00:24:47 - [TEST_STEP][PASSED] - verifyElementText(findTestObject("Object Repository/m2u home page/Page_Maybank2u.com Online Financial Services/span_Username is required"), "Username is required."): Actual text and expected text of test object 'Object Repository/m2u home page/Page_Maybank2u.com Online Financial Services/span_Username is required' are matched.

2023-03-11 00:24:54 - [MESSAGE][PASSED] - Actual text and expected text of test object 'Object Repository/m2u home page/Page_Maybank2u.com Online Financial Services/span_Username is required' are matched.

2023-03-11 00:24:55 - [TEST_STEP][PASSED] - closeBrowser(): Browser is closed

2023-03-11 00:24:56 - [MESSAGE][PASSED] - Browser is closed]]></system-out>
         <system-err><![CDATA[]]></system-err>
      </testcase>
      <system-out><![CDATA[2023-03-11 00:21:50 - [TEST_SUITE][PASSED] - Test suite folder 4: Test Cases/Web Login/m2u home page Navigation]]></system-out>
      <system-err><![CDATA[]]></system-err>
   </testsuite>
</testsuites>
