<?xml version="1.0" encoding="UTF-8"?>
<testsuites name="MAE_TSC" time="124.371" tests="1" failures="0" errors="0">
   <testsuite name="MAE_TS1" tests="1" failures="0" errors="0" time="120.611" skipped="0" timestamp="2023-03-16 19:06:58" hostname="00123955 - L181102205W10.mshome.net" id="Test Suites/MAE_TS1">
      <properties>
         <property name="deviceName" value="samsung SM-G998B (Android 11)"/>
         <property name="devicePlatform" value=""/>
         <property name="logFolder" value="C:\\Users\\00123955\\git\\showcaseGITmarch\\Reports\\20230316_190651\\MAE_TS1\\20230316_190653"/>
         <property name="logFiles" value="C:\\Users\\00123955\\git\\showcaseGITmarch\\Reports\\20230316_190651\\MAE_TS1\\20230316_190653\\appium.log, C:\\Users\\00123955\\git\\showcaseGITmarch\\Reports\\20230316_190651\\MAE_TS1\\20230316_190653\\execution0.log"/>
         <property name="attachments" value=""/>
         <property name="hostName" value="00123955 - L181102205W10.mshome.net"/>
         <property name="os" value="Windows 10 64bit"/>
         <property name="appiumServerStatus" value="{&quot;value&quot;:{&quot;build&quot;:{&quot;version&quot;:&quot;1.18.1&quot;}},&quot;sessionId&quot;:null,&quot;status&quot;:0}"/>
         <property name="katalonVersion" value="8.5.5.208"/>
         <property name="deviceOS" value="Android"/>
         <property name="appiumVersion" value="1.18.1"/>
         <property name="deviceModel" value="SM-G998B"/>
         <property name="hostAddress" value="192.168.174.129"/>
         <property name="deviceManufacturer" value="samsung"/>
         <property name="deviceId" value="R5CR704KXSR"/>
         <property name="deviceName" value="samsung SM-G998B (Android 11)"/>
         <property name="deviceOSVersion" value="11"/>
      </properties>
      <testcase name="Test Cases/Mobile TC/MAE Onboarding" time="120.269" classname="Test Cases/Mobile TC/MAE Onboarding" status="PASSED">
         <system-out><![CDATA[2023-03-16 19:06:58 - [TEST_CASE][PASSED] - Test Cases/Mobile TC/MAE Onboarding: Test Cases/Mobile TC/MAE Onboarding

2023-03-16 19:06:59 - [TEST_STEP][PASSED] - startExistingApplication("com.maybank2u.life"): Starting app with application ID: 'com.maybank2u.life'

2023-03-16 19:07:00 - [MESSAGE][INFO] - Detected NodeJS location: "C:\Program Files\nodejs\node.exe"

2023-03-16 19:07:04 - [MESSAGE][INFO] - Appium server started on port 64,522

2023-03-16 19:07:16 - [MESSAGE][PASSED] - Starting app with application ID: 'com.maybank2u.life'

2023-03-16 19:07:16 - [TEST_STEP][PASSED] - getText(findTestObject("Object Repository/MAE Onboarding/android.widget.TextView - Skip"), 0): Text of element 'Object Repository/MAE Onboarding/android.widget.TextView - Skip' is: 'Skip'

2023-03-16 19:07:16 - [MESSAGE][WARNING] - Timeout '0' is invalid. Using default page load timeout: '30'

2023-03-16 19:07:19 - [MESSAGE][PASSED] - Text of element 'Object Repository/MAE Onboarding/android.widget.TextView - Skip' is: 'Skip'

2023-03-16 19:07:19 - [TEST_STEP][PASSED] - takeScreenshot("", CONTINUE_ON_FAILURE): Screenshot is taken

2023-03-16 19:07:20 - [MESSAGE][WARNING] -  (Result too large)

2023-03-16 19:07:20 - [MESSAGE][PASSED] - Screenshot is taken

2023-03-16 19:07:20 - [TEST_STEP][PASSED] - tap(findTestObject("Object Repository/MAE Onboarding/android.widget.TextView - Skip"), 0): Tapped on element 'Object Repository/MAE Onboarding/android.widget.TextView - Skip'

2023-03-16 19:07:20 - [MESSAGE][WARNING] - Timeout '0' is invalid. Using default page load timeout: '30'

2023-03-16 19:07:20 - [MESSAGE][PASSED] - Tapped on element 'Object Repository/MAE Onboarding/android.widget.TextView - Skip'

2023-03-16 19:07:20 - [TEST_STEP][PASSED] - getText(findTestObject("Object Repository/MAE Onboarding/android.widget.TextView - Agree"), 0): Text of element 'Object Repository/MAE Onboarding/android.widget.TextView - Agree' is: 'Agree'

2023-03-16 19:07:20 - [MESSAGE][WARNING] - Timeout '0' is invalid. Using default page load timeout: '30'

2023-03-16 19:07:21 - [MESSAGE][PASSED] - Text of element 'Object Repository/MAE Onboarding/android.widget.TextView - Agree' is: 'Agree'

2023-03-16 19:07:21 - [TEST_STEP][PASSED] - takeScreenshot("", CONTINUE_ON_FAILURE): Screenshot is taken

2023-03-16 19:07:21 - [MESSAGE][WARNING] - 

2023-03-16 19:07:21 - [MESSAGE][PASSED] - Screenshot is taken

2023-03-16 19:07:21 - [TEST_STEP][PASSED] - tap(findTestObject("Object Repository/MAE Onboarding/android.widget.TextView - Agree"), 0): Tapped on element 'Object Repository/MAE Onboarding/android.widget.TextView - Agree'

2023-03-16 19:07:21 - [MESSAGE][WARNING] - Timeout '0' is invalid. Using default page load timeout: '30'

2023-03-16 19:07:21 - [MESSAGE][PASSED] - Tapped on element 'Object Repository/MAE Onboarding/android.widget.TextView - Agree'

2023-03-16 19:07:21 - [TEST_STEP][PASSED] - getText(findTestObject("Object Repository/MAE Onboarding/android.widget.TextView - Hello"), 0): Text of element 'Object Repository/MAE Onboarding/android.widget.TextView - Hello' is: 'Hello!'

2023-03-16 19:07:22 - [MESSAGE][WARNING] - Timeout '0' is invalid. Using default page load timeout: '30'

2023-03-16 19:07:24 - [MESSAGE][PASSED] - Text of element 'Object Repository/MAE Onboarding/android.widget.TextView - Hello' is: 'Hello!'

2023-03-16 19:07:24 - [TEST_STEP][PASSED] - tap(findTestObject("Object Repository/MAE Onboarding/android.widget.TextView - Hello"), 0): Tapped on element 'Object Repository/MAE Onboarding/android.widget.TextView - Hello'

2023-03-16 19:07:24 - [MESSAGE][WARNING] - Timeout '0' is invalid. Using default page load timeout: '30'

2023-03-16 19:07:24 - [MESSAGE][PASSED] - Tapped on element 'Object Repository/MAE Onboarding/android.widget.TextView - Hello'

2023-03-16 19:07:24 - [TEST_STEP][PASSED] - getText(findTestObject("Object Repository/MAE Onboarding/android.widget.TextView - Existing M2UMAE user Log in here"), 0): Text of element 'Object Repository/MAE Onboarding/android.widget.TextView - Existing M2UMAE user Log in here' is: 'Existing M2U/MAE user? Log in here'

2023-03-16 19:07:24 - [MESSAGE][WARNING] - Timeout '0' is invalid. Using default page load timeout: '30'

2023-03-16 19:07:26 - [MESSAGE][PASSED] - Text of element 'Object Repository/MAE Onboarding/android.widget.TextView - Existing M2UMAE user Log in here' is: 'Existing M2U/MAE user? Log in here'

2023-03-16 19:07:26 - [TEST_STEP][PASSED] - takeScreenshot("", CONTINUE_ON_FAILURE): Screenshot is taken

2023-03-16 19:07:27 - [MESSAGE][WARNING] - 

2023-03-16 19:07:27 - [MESSAGE][PASSED] - Screenshot is taken

2023-03-16 19:07:27 - [TEST_STEP][PASSED] - tap(findTestObject("Object Repository/MAE Onboarding/android.widget.TextView - Existing M2UMAE user Log in here"), 0): Tapped on element 'Object Repository/MAE Onboarding/android.widget.TextView - Existing M2UMAE user Log in here'

2023-03-16 19:07:27 - [MESSAGE][WARNING] - Timeout '0' is invalid. Using default page load timeout: '30'

2023-03-16 19:07:27 - [MESSAGE][PASSED] - Tapped on element 'Object Repository/MAE Onboarding/android.widget.TextView - Existing M2UMAE user Log in here'

2023-03-16 19:07:27 - [TEST_STEP][PASSED] - getText(findTestObject("Object Repository/MAE Onboarding/android.widget.TextView - Login to Maybank2u"), 0): Text of element 'Object Repository/MAE Onboarding/android.widget.TextView - Login to Maybank2u' is: 'Login to Maybank2u'

2023-03-16 19:07:27 - [MESSAGE][WARNING] - Timeout '0' is invalid. Using default page load timeout: '30'

2023-03-16 19:07:28 - [MESSAGE][PASSED] - Text of element 'Object Repository/MAE Onboarding/android.widget.TextView - Login to Maybank2u' is: 'Login to Maybank2u'

2023-03-16 19:07:28 - [TEST_STEP][PASSED] - setText(findTestObject("MAE Onboarding/android.widget.EditText"), "mosajgohar1", 0): Text 'mosajgohar1' has been set to element 'Object Repository/MAE Onboarding/android.widget.EditText'

2023-03-16 19:07:28 - [MESSAGE][WARNING] - Timeout '0' is invalid. Using default page load timeout: '30'

2023-03-16 19:07:29 - [MESSAGE][PASSED] - Text 'mosajgohar1' has been set to element 'Object Repository/MAE Onboarding/android.widget.EditText'

2023-03-16 19:07:29 - [TEST_STEP][PASSED] - hideKeyboard(): Keyboard is hidden

2023-03-16 19:07:31 - [MESSAGE][PASSED] - Keyboard is hidden

2023-03-16 19:07:31 - [TEST_STEP][PASSED] - takeScreenshot("", CONTINUE_ON_FAILURE): Screenshot is taken

2023-03-16 19:07:31 - [MESSAGE][WARNING] - 

2023-03-16 19:07:31 - [MESSAGE][PASSED] - Screenshot is taken

2023-03-16 19:07:31 - [TEST_STEP][PASSED] - getText(findTestObject("MAE Onboarding/android.widget.TextView - Continue"), 0): Text of element 'Object Repository/MAE Onboarding/android.widget.TextView - Continue' is: 'Continue'

2023-03-16 19:07:31 - [MESSAGE][WARNING] - Timeout '0' is invalid. Using default page load timeout: '30'

2023-03-16 19:07:31 - [MESSAGE][PASSED] - Text of element 'Object Repository/MAE Onboarding/android.widget.TextView - Continue' is: 'Continue'

2023-03-16 19:07:31 - [TEST_STEP][PASSED] - tap(findTestObject("MAE Onboarding/android.widget.TextView - Continue"), 0): Tapped on element 'Object Repository/MAE Onboarding/android.widget.TextView - Continue'

2023-03-16 19:07:31 - [MESSAGE][WARNING] - Timeout '0' is invalid. Using default page load timeout: '30'

2023-03-16 19:07:33 - [MESSAGE][PASSED] - Tapped on element 'Object Repository/MAE Onboarding/android.widget.TextView - Continue'

2023-03-16 19:07:33 - [TEST_STEP][PASSED] - getText(findTestObject("Object Repository/MAE Onboarding/android.widget.TextView - cap"), 0): Text of element 'Object Repository/MAE Onboarding/android.widget.TextView - cap' is: 'cap'

2023-03-16 19:07:33 - [MESSAGE][WARNING] - Timeout '0' is invalid. Using default page load timeout: '30'

2023-03-16 19:07:33 - [MESSAGE][PASSED] - Text of element 'Object Repository/MAE Onboarding/android.widget.TextView - cap' is: 'cap'

2023-03-16 19:07:33 - [TEST_STEP][PASSED] - getText(findTestObject("Object Repository/MAE Onboarding/android.widget.TextView - Yes, Its Mine"), 0): Text of element 'Object Repository/MAE Onboarding/android.widget.TextView - Yes, Its Mine' is: 'Yes, It’s Mine'

2023-03-16 19:07:33 - [MESSAGE][WARNING] - Timeout '0' is invalid. Using default page load timeout: '30'

2023-03-16 19:07:34 - [MESSAGE][PASSED] - Text of element 'Object Repository/MAE Onboarding/android.widget.TextView - Yes, Its Mine' is: 'Yes, It’s Mine'

2023-03-16 19:07:34 - [TEST_STEP][PASSED] - takeScreenshot("", CONTINUE_ON_FAILURE): Screenshot is taken

2023-03-16 19:07:34 - [MESSAGE][WARNING] - 

2023-03-16 19:07:34 - [MESSAGE][PASSED] - Screenshot is taken

2023-03-16 19:07:34 - [TEST_STEP][PASSED] - tap(findTestObject("Object Repository/MAE Onboarding/android.widget.TextView - Yes, Its Mine"), 0): Tapped on element 'Object Repository/MAE Onboarding/android.widget.TextView - Yes, Its Mine'

2023-03-16 19:07:34 - [MESSAGE][WARNING] - Timeout '0' is invalid. Using default page load timeout: '30'

2023-03-16 19:07:34 - [MESSAGE][PASSED] - Tapped on element 'Object Repository/MAE Onboarding/android.widget.TextView - Yes, Its Mine'

2023-03-16 19:07:34 - [TEST_STEP][PASSED] - getText(findTestObject("Object Repository/MAE Onboarding/android.widget.TextView - Enter your password"), 0): Text of element 'Object Repository/MAE Onboarding/android.widget.TextView - Enter your password' is: 'Enter your password'

2023-03-16 19:07:34 - [MESSAGE][WARNING] - Timeout '0' is invalid. Using default page load timeout: '30'

2023-03-16 19:07:36 - [MESSAGE][PASSED] - Text of element 'Object Repository/MAE Onboarding/android.widget.TextView - Enter your password' is: 'Enter your password'

2023-03-16 19:07:36 - [TEST_STEP][PASSED] - setText(findTestObject("Object Repository/MAE Onboarding/android.widget.EditText (1)"), findTestData("DevOps").getValue(2, 1), 0): Text 'Mayesha@2' has been set to element 'Object Repository/MAE Onboarding/android.widget.EditText (1)'

2023-03-16 19:07:37 - [MESSAGE][WARNING] - Timeout '0' is invalid. Using default page load timeout: '30'

2023-03-16 19:07:38 - [MESSAGE][PASSED] - Text 'Mayesha@2' has been set to element 'Object Repository/MAE Onboarding/android.widget.EditText (1)'

2023-03-16 19:07:38 - [TEST_STEP][PASSED] - hideKeyboard(): Keyboard is hidden

2023-03-16 19:07:39 - [MESSAGE][PASSED] - Keyboard is hidden

2023-03-16 19:07:39 - [TEST_STEP][PASSED] - getText(findTestObject("Object Repository/MAE Onboarding/android.widget.TextView - Continue (1)"), 0): Text of element 'Object Repository/MAE Onboarding/android.widget.TextView - Continue (1)' is: 'Continue'

2023-03-16 19:07:40 - [MESSAGE][WARNING] - Timeout '0' is invalid. Using default page load timeout: '30'

2023-03-16 19:07:40 - [MESSAGE][PASSED] - Text of element 'Object Repository/MAE Onboarding/android.widget.TextView - Continue (1)' is: 'Continue'

2023-03-16 19:07:40 - [TEST_STEP][PASSED] - tap(findTestObject("Object Repository/MAE Onboarding/android.widget.TextView - Continue (1)"), 0): Tapped on element 'Object Repository/MAE Onboarding/android.widget.TextView - Continue (1)'

2023-03-16 19:07:40 - [MESSAGE][WARNING] - Timeout '0' is invalid. Using default page load timeout: '30'

2023-03-16 19:07:40 - [MESSAGE][PASSED] - Tapped on element 'Object Repository/MAE Onboarding/android.widget.TextView - Continue (1)'

2023-03-16 19:07:40 - [TEST_STEP][PASSED] - getText(findTestObject("Object Repository/MAE Onboarding/android.widget.TextView - Create your PIN for the app"), 0): Text of element 'Object Repository/MAE Onboarding/android.widget.TextView - Create your PIN for the app' is: 'Create your PIN for the app'

2023-03-16 19:07:40 - [MESSAGE][WARNING] - Timeout '0' is invalid. Using default page load timeout: '30'

2023-03-16 19:07:42 - [MESSAGE][PASSED] - Text of element 'Object Repository/MAE Onboarding/android.widget.TextView - Create your PIN for the app' is: 'Create your PIN for the app'

2023-03-16 19:07:42 - [TEST_STEP][PASSED] - takeScreenshot("", CONTINUE_ON_FAILURE): Screenshot is taken

2023-03-16 19:07:43 - [MESSAGE][WARNING] - 

2023-03-16 19:07:43 - [MESSAGE][PASSED] - Screenshot is taken

2023-03-16 19:07:43 - [TEST_STEP][PASSED] - tap(findTestObject("Object Repository/MAE Onboarding/android.widget.TextView - 1"), 0): Tapped on element 'Object Repository/MAE Onboarding/android.widget.TextView - 1'

2023-03-16 19:07:43 - [MESSAGE][WARNING] - Timeout '0' is invalid. Using default page load timeout: '30'

2023-03-16 19:07:43 - [MESSAGE][PASSED] - Tapped on element 'Object Repository/MAE Onboarding/android.widget.TextView - 1'

2023-03-16 19:07:43 - [TEST_STEP][PASSED] - tap(findTestObject("Object Repository/MAE Onboarding/android.widget.TextView - 1"), 0): Tapped on element 'Object Repository/MAE Onboarding/android.widget.TextView - 1'

2023-03-16 19:07:43 - [MESSAGE][WARNING] - Timeout '0' is invalid. Using default page load timeout: '30'

2023-03-16 19:07:45 - [MESSAGE][PASSED] - Tapped on element 'Object Repository/MAE Onboarding/android.widget.TextView - 1'

2023-03-16 19:07:45 - [TEST_STEP][PASSED] - tap(findTestObject("Object Repository/MAE Onboarding/android.widget.TextView - 1"), 0): Tapped on element 'Object Repository/MAE Onboarding/android.widget.TextView - 1'

2023-03-16 19:07:45 - [MESSAGE][WARNING] - Timeout '0' is invalid. Using default page load timeout: '30'

2023-03-16 19:07:47 - [MESSAGE][PASSED] - Tapped on element 'Object Repository/MAE Onboarding/android.widget.TextView - 1'

2023-03-16 19:07:47 - [TEST_STEP][PASSED] - tap(findTestObject("Object Repository/MAE Onboarding/android.widget.TextView - 1"), 0): Tapped on element 'Object Repository/MAE Onboarding/android.widget.TextView - 1'

2023-03-16 19:07:47 - [MESSAGE][WARNING] - Timeout '0' is invalid. Using default page load timeout: '30'

2023-03-16 19:07:48 - [MESSAGE][PASSED] - Tapped on element 'Object Repository/MAE Onboarding/android.widget.TextView - 1'

2023-03-16 19:07:48 - [TEST_STEP][PASSED] - tap(findTestObject("Object Repository/MAE Onboarding/android.widget.TextView - 1"), 0): Tapped on element 'Object Repository/MAE Onboarding/android.widget.TextView - 1'

2023-03-16 19:07:48 - [MESSAGE][WARNING] - Timeout '0' is invalid. Using default page load timeout: '30'

2023-03-16 19:07:50 - [MESSAGE][PASSED] - Tapped on element 'Object Repository/MAE Onboarding/android.widget.TextView - 1'

2023-03-16 19:07:50 - [TEST_STEP][PASSED] - tap(findTestObject("Object Repository/MAE Onboarding/android.widget.TextView - 1"), 0): Tapped on element 'Object Repository/MAE Onboarding/android.widget.TextView - 1'

2023-03-16 19:07:50 - [MESSAGE][WARNING] - Timeout '0' is invalid. Using default page load timeout: '30'

2023-03-16 19:07:52 - [MESSAGE][PASSED] - Tapped on element 'Object Repository/MAE Onboarding/android.widget.TextView - 1'

2023-03-16 19:07:52 - [TEST_STEP][PASSED] - takeScreenshot("", CONTINUE_ON_FAILURE): Screenshot is taken

2023-03-16 19:07:52 - [MESSAGE][WARNING] - 

2023-03-16 19:07:52 - [MESSAGE][PASSED] - Screenshot is taken

2023-03-16 19:07:52 - [TEST_STEP][PASSED] - tap(findTestObject("Object Repository/MAE Onboarding/android.widget.ImageView"), 0): Tapped on element 'Object Repository/MAE Onboarding/android.widget.ImageView'

2023-03-16 19:07:52 - [MESSAGE][WARNING] - Timeout '0' is invalid. Using default page load timeout: '30'

2023-03-16 19:07:54 - [MESSAGE][PASSED] - Tapped on element 'Object Repository/MAE Onboarding/android.widget.ImageView'

2023-03-16 19:07:54 - [TEST_STEP][PASSED] - getText(findTestObject("Object Repository/MAE Onboarding/android.widget.TextView - Confirm your 6-digit PIN"), 0): Text of element 'Object Repository/MAE Onboarding/android.widget.TextView - Confirm your 6-digit PIN' is: 'Confirm your 6-digit PIN'

2023-03-16 19:07:54 - [MESSAGE][WARNING] - Timeout '0' is invalid. Using default page load timeout: '30'

2023-03-16 19:07:55 - [MESSAGE][PASSED] - Text of element 'Object Repository/MAE Onboarding/android.widget.TextView - Confirm your 6-digit PIN' is: 'Confirm your 6-digit PIN'

2023-03-16 19:07:55 - [TEST_STEP][PASSED] - tap(findTestObject("Object Repository/MAE Onboarding/android.widget.TextView - 1"), 0): Tapped on element 'Object Repository/MAE Onboarding/android.widget.TextView - 1'

2023-03-16 19:07:55 - [MESSAGE][WARNING] - Timeout '0' is invalid. Using default page load timeout: '30'

2023-03-16 19:07:55 - [MESSAGE][PASSED] - Tapped on element 'Object Repository/MAE Onboarding/android.widget.TextView - 1'

2023-03-16 19:07:55 - [TEST_STEP][PASSED] - tap(findTestObject("Object Repository/MAE Onboarding/android.widget.TextView - 1"), 0): Tapped on element 'Object Repository/MAE Onboarding/android.widget.TextView - 1'

2023-03-16 19:07:55 - [MESSAGE][WARNING] - Timeout '0' is invalid. Using default page load timeout: '30'

2023-03-16 19:07:57 - [MESSAGE][PASSED] - Tapped on element 'Object Repository/MAE Onboarding/android.widget.TextView - 1'

2023-03-16 19:07:57 - [TEST_STEP][PASSED] - tap(findTestObject("Object Repository/MAE Onboarding/android.widget.TextView - 1"), 0): Tapped on element 'Object Repository/MAE Onboarding/android.widget.TextView - 1'

2023-03-16 19:07:57 - [MESSAGE][WARNING] - Timeout '0' is invalid. Using default page load timeout: '30'

2023-03-16 19:07:59 - [MESSAGE][PASSED] - Tapped on element 'Object Repository/MAE Onboarding/android.widget.TextView - 1'

2023-03-16 19:07:59 - [TEST_STEP][PASSED] - tap(findTestObject("Object Repository/MAE Onboarding/android.widget.TextView - 1"), 0): Tapped on element 'Object Repository/MAE Onboarding/android.widget.TextView - 1'

2023-03-16 19:07:59 - [MESSAGE][WARNING] - Timeout '0' is invalid. Using default page load timeout: '30'

2023-03-16 19:08:00 - [MESSAGE][PASSED] - Tapped on element 'Object Repository/MAE Onboarding/android.widget.TextView - 1'

2023-03-16 19:08:00 - [TEST_STEP][PASSED] - tap(findTestObject("Object Repository/MAE Onboarding/android.widget.TextView - 1"), 0): Tapped on element 'Object Repository/MAE Onboarding/android.widget.TextView - 1'

2023-03-16 19:08:01 - [MESSAGE][WARNING] - Timeout '0' is invalid. Using default page load timeout: '30'

2023-03-16 19:08:02 - [MESSAGE][PASSED] - Tapped on element 'Object Repository/MAE Onboarding/android.widget.TextView - 1'

2023-03-16 19:08:02 - [TEST_STEP][PASSED] - tap(findTestObject("Object Repository/MAE Onboarding/android.widget.TextView - 1"), 0): Tapped on element 'Object Repository/MAE Onboarding/android.widget.TextView - 1'

2023-03-16 19:08:02 - [MESSAGE][WARNING] - Timeout '0' is invalid. Using default page load timeout: '30'

2023-03-16 19:08:04 - [MESSAGE][PASSED] - Tapped on element 'Object Repository/MAE Onboarding/android.widget.TextView - 1'

2023-03-16 19:08:04 - [TEST_STEP][PASSED] - takeScreenshot("", CONTINUE_ON_FAILURE): Screenshot is taken

2023-03-16 19:08:04 - [MESSAGE][WARNING] - 

2023-03-16 19:08:04 - [MESSAGE][PASSED] - Screenshot is taken

2023-03-16 19:08:04 - [TEST_STEP][PASSED] - tap(findTestObject("Object Repository/MAE Onboarding/android.widget.ImageView"), 0): Tapped on element 'Object Repository/MAE Onboarding/android.widget.ImageView'

2023-03-16 19:08:05 - [MESSAGE][WARNING] - Timeout '0' is invalid. Using default page load timeout: '30'

2023-03-16 19:08:06 - [MESSAGE][PASSED] - Tapped on element 'Object Repository/MAE Onboarding/android.widget.ImageView'

2023-03-16 19:08:06 - [TEST_STEP][PASSED] - getText(findTestObject("Object Repository/MAE Onboarding/android.widget.TextView - Set Up Later"), 0): Text of element 'Object Repository/MAE Onboarding/android.widget.TextView - Set Up Later' is: 'Set Up Later'

2023-03-16 19:08:06 - [MESSAGE][WARNING] - Timeout '0' is invalid. Using default page load timeout: '30'

2023-03-16 19:08:07 - [MESSAGE][PASSED] - Text of element 'Object Repository/MAE Onboarding/android.widget.TextView - Set Up Later' is: 'Set Up Later'

2023-03-16 19:08:07 - [TEST_STEP][PASSED] - tap(findTestObject("Object Repository/MAE Onboarding/android.widget.TextView - Set Up Later"), 0): Tapped on element 'Object Repository/MAE Onboarding/android.widget.TextView - Set Up Later'

2023-03-16 19:08:08 - [MESSAGE][WARNING] - Timeout '0' is invalid. Using default page load timeout: '30'

2023-03-16 19:08:08 - [MESSAGE][PASSED] - Tapped on element 'Object Repository/MAE Onboarding/android.widget.TextView - Set Up Later'

2023-03-16 19:08:08 - [TEST_STEP][PASSED] - getText(findTestObject("Object Repository/MAE Onboarding/android.widget.TextView - Verify Number"), 0): Text of element 'Object Repository/MAE Onboarding/android.widget.TextView - Verify Number' is: 'Verify Number'

2023-03-16 19:08:08 - [MESSAGE][WARNING] - Timeout '0' is invalid. Using default page load timeout: '30'

2023-03-16 19:08:09 - [MESSAGE][PASSED] - Text of element 'Object Repository/MAE Onboarding/android.widget.TextView - Verify Number' is: 'Verify Number'

2023-03-16 19:08:09 - [TEST_STEP][PASSED] - getText(findTestObject("Object Repository/MAE Onboarding/android.widget.TextView - Yes, Proceed"), 0): Text of element 'Object Repository/MAE Onboarding/android.widget.TextView - Yes, Proceed' is: 'Yes, Proceed'

2023-03-16 19:08:09 - [MESSAGE][WARNING] - Timeout '0' is invalid. Using default page load timeout: '30'

2023-03-16 19:08:09 - [MESSAGE][PASSED] - Text of element 'Object Repository/MAE Onboarding/android.widget.TextView - Yes, Proceed' is: 'Yes, Proceed'

2023-03-16 19:08:09 - [TEST_STEP][PASSED] - takeScreenshot("", CONTINUE_ON_FAILURE): Screenshot is taken

2023-03-16 19:08:09 - [MESSAGE][WARNING] - 

2023-03-16 19:08:09 - [MESSAGE][PASSED] - Screenshot is taken

2023-03-16 19:08:10 - [TEST_STEP][PASSED] - tap(findTestObject("Object Repository/MAE Onboarding/android.widget.TextView - Yes, Proceed"), 0): Tapped on element 'Object Repository/MAE Onboarding/android.widget.TextView - Yes, Proceed'

2023-03-16 19:08:10 - [MESSAGE][WARNING] - Timeout '0' is invalid. Using default page load timeout: '30'

2023-03-16 19:08:10 - [MESSAGE][PASSED] - Tapped on element 'Object Repository/MAE Onboarding/android.widget.TextView - Yes, Proceed'

2023-03-16 19:08:10 - [TEST_STEP][PASSED] - delay(20): Delayed 20 second(s)

2023-03-16 19:08:30 - [MESSAGE][PASSED] - Delayed 20 second(s)

2023-03-16 19:08:30 - [TEST_STEP][PASSED] - takeScreenshot("", CONTINUE_ON_FAILURE): Screenshot is taken

2023-03-16 19:08:30 - [MESSAGE][WARNING] - 

2023-03-16 19:08:30 - [MESSAGE][PASSED] - Screenshot is taken

2023-03-16 19:08:30 - [TEST_STEP][PASSED] - tap(findTestObject("Object Repository/MAE Onboarding/android.widget.ImageView"), 0): Tapped on element 'Object Repository/MAE Onboarding/android.widget.ImageView'

2023-03-16 19:08:30 - [MESSAGE][WARNING] - Timeout '0' is invalid. Using default page load timeout: '30'

2023-03-16 19:08:31 - [MESSAGE][PASSED] - Tapped on element 'Object Repository/MAE Onboarding/android.widget.ImageView'

2023-03-16 19:08:31 - [TEST_STEP][PASSED] - getText(findTestObject("Object Repository/MAE Onboarding/android.widget.EditText - Enter your name"), 0): Text of element 'Object Repository/MAE Onboarding/android.widget.EditText - Enter your name' is: 'Enter your name'

2023-03-16 19:08:31 - [MESSAGE][WARNING] - Timeout '0' is invalid. Using default page load timeout: '30'

2023-03-16 19:08:33 - [MESSAGE][PASSED] - Text of element 'Object Repository/MAE Onboarding/android.widget.EditText - Enter your name' is: 'Enter your name'

2023-03-16 19:08:33 - [TEST_STEP][PASSED] - setText(findTestObject("Object Repository/MAE Onboarding/android.widget.EditText - Enter your name"), "Mayesha", 0): Text 'Mayesha' has been set to element 'Object Repository/MAE Onboarding/android.widget.EditText - Enter your name'

2023-03-16 19:08:34 - [MESSAGE][WARNING] - Timeout '0' is invalid. Using default page load timeout: '30'

2023-03-16 19:08:35 - [MESSAGE][PASSED] - Text 'Mayesha' has been set to element 'Object Repository/MAE Onboarding/android.widget.EditText - Enter your name'

2023-03-16 19:08:35 - [TEST_STEP][PASSED] - hideKeyboard(): Keyboard is hidden

2023-03-16 19:08:36 - [MESSAGE][PASSED] - Keyboard is hidden

2023-03-16 19:08:36 - [TEST_STEP][PASSED] - getText(findTestObject("MAE Onboarding/android.widget.TextView - Continue"), 0): Text of element 'Object Repository/MAE Onboarding/android.widget.TextView - Continue' is: 'Continue'

2023-03-16 19:08:36 - [MESSAGE][WARNING] - Timeout '0' is invalid. Using default page load timeout: '30'

2023-03-16 19:08:36 - [MESSAGE][PASSED] - Text of element 'Object Repository/MAE Onboarding/android.widget.TextView - Continue' is: 'Continue'

2023-03-16 19:08:36 - [TEST_STEP][PASSED] - takeScreenshot("", CONTINUE_ON_FAILURE): Screenshot is taken

2023-03-16 19:08:37 - [MESSAGE][WARNING] - 

2023-03-16 19:08:37 - [MESSAGE][PASSED] - Screenshot is taken

2023-03-16 19:08:37 - [TEST_STEP][PASSED] - tap(findTestObject("MAE Onboarding/android.widget.TextView - Continue"), 0): Tapped on element 'Object Repository/MAE Onboarding/android.widget.TextView - Continue'

2023-03-16 19:08:37 - [MESSAGE][WARNING] - Timeout '0' is invalid. Using default page load timeout: '30'

2023-03-16 19:08:37 - [MESSAGE][PASSED] - Tapped on element 'Object Repository/MAE Onboarding/android.widget.TextView - Continue'

2023-03-16 19:08:37 - [TEST_STEP][PASSED] - getText(findTestObject("Object Repository/MAE Onboarding/android.widget.TextView - Introducing Wallet"), 0): Text of element 'Object Repository/MAE Onboarding/android.widget.TextView - Introducing Wallet' is: 'Introducing Wallet'

2023-03-16 19:08:37 - [MESSAGE][WARNING] - Timeout '0' is invalid. Using default page load timeout: '30'

2023-03-16 19:08:38 - [MESSAGE][PASSED] - Text of element 'Object Repository/MAE Onboarding/android.widget.TextView - Introducing Wallet' is: 'Introducing Wallet'

2023-03-16 19:08:38 - [TEST_STEP][PASSED] - tap(findTestObject("MAE Onboarding/android.widget.TextView - Continue"), 0): Tapped on element 'Object Repository/MAE Onboarding/android.widget.TextView - Continue'

2023-03-16 19:08:39 - [MESSAGE][WARNING] - Timeout '0' is invalid. Using default page load timeout: '30'

2023-03-16 19:08:39 - [MESSAGE][PASSED] - Tapped on element 'Object Repository/MAE Onboarding/android.widget.TextView - Continue'

2023-03-16 19:08:39 - [TEST_STEP][PASSED] - getText(findTestObject("Object Repository/MAE Onboarding/android.widget.TextView - Skip (1)"), 0): Text of element 'Object Repository/MAE Onboarding/android.widget.TextView - Skip (1)' is: 'Skip'

2023-03-16 19:08:39 - [MESSAGE][WARNING] - Timeout '0' is invalid. Using default page load timeout: '30'

2023-03-16 19:08:45 - [MESSAGE][PASSED] - Text of element 'Object Repository/MAE Onboarding/android.widget.TextView - Skip (1)' is: 'Skip'

2023-03-16 19:08:45 - [TEST_STEP][PASSED] - tap(findTestObject("Object Repository/MAE Onboarding/android.widget.TextView - Skip (1)"), 0): Tapped on element 'Object Repository/MAE Onboarding/android.widget.TextView - Skip (1)'

2023-03-16 19:08:45 - [MESSAGE][WARNING] - Timeout '0' is invalid. Using default page load timeout: '30'

2023-03-16 19:08:45 - [MESSAGE][PASSED] - Tapped on element 'Object Repository/MAE Onboarding/android.widget.TextView - Skip (1)'

2023-03-16 19:08:45 - [TEST_STEP][PASSED] - getText(findTestObject("Object Repository/MAE Onboarding/android.widget.TextView - Set Up Successful"), 0): Text of element 'Object Repository/MAE Onboarding/android.widget.TextView - Set Up Successful' is: 'Set Up Successful'

2023-03-16 19:08:45 - [MESSAGE][WARNING] - Timeout '0' is invalid. Using default page load timeout: '30'

2023-03-16 19:08:48 - [MESSAGE][PASSED] - Text of element 'Object Repository/MAE Onboarding/android.widget.TextView - Set Up Successful' is: 'Set Up Successful'

2023-03-16 19:08:48 - [TEST_STEP][PASSED] - takeScreenshot("", CONTINUE_ON_FAILURE): Screenshot is taken

2023-03-16 19:08:49 - [MESSAGE][WARNING] - 

2023-03-16 19:08:49 - [MESSAGE][PASSED] - Screenshot is taken

2023-03-16 19:08:49 - [TEST_STEP][PASSED] - tap(findTestObject("Object Repository/MAE Onboarding/android.widget.TextView - Done"), 0): Tapped on element 'Object Repository/MAE Onboarding/android.widget.TextView - Done'

2023-03-16 19:08:49 - [MESSAGE][WARNING] - Timeout '0' is invalid. Using default page load timeout: '30'

2023-03-16 19:08:49 - [MESSAGE][PASSED] - Tapped on element 'Object Repository/MAE Onboarding/android.widget.TextView - Done'

2023-03-16 19:08:49 - [TEST_STEP][PASSED] - getText(findTestObject("Object Repository/MAE Onboarding/android.widget.TextView - Mayesha"), 0): Text of element 'Object Repository/MAE Onboarding/android.widget.TextView - Mayesha' is: 'Mayesha'

2023-03-16 19:08:49 - [MESSAGE][WARNING] - Timeout '0' is invalid. Using default page load timeout: '30'

2023-03-16 19:08:51 - [MESSAGE][PASSED] - Text of element 'Object Repository/MAE Onboarding/android.widget.TextView - Mayesha' is: 'Mayesha'

2023-03-16 19:08:51 - [TEST_STEP][PASSED] - takeScreenshot("", CONTINUE_ON_FAILURE): Screenshot is taken

2023-03-16 19:08:52 - [MESSAGE][WARNING] - 

2023-03-16 19:08:52 - [MESSAGE][PASSED] - Screenshot is taken

2023-03-16 19:08:52 - [TEST_STEP][PASSED] - getText(findTestObject("Object Repository/MAE Onboarding/android.widget.TextView - Maybank2u"), 0): Text of element 'Object Repository/MAE Onboarding/android.widget.TextView - Maybank2u' is: 'Maybank2u'

2023-03-16 19:08:52 - [MESSAGE][WARNING] - Timeout '0' is invalid. Using default page load timeout: '30'

2023-03-16 19:08:52 - [MESSAGE][PASSED] - Text of element 'Object Repository/MAE Onboarding/android.widget.TextView - Maybank2u' is: 'Maybank2u'

2023-03-16 19:08:52 - [TEST_STEP][PASSED] - tap(findTestObject("Object Repository/MAE Onboarding/android.widget.TextView - Maybank2u"), 0): Tapped on element 'Object Repository/MAE Onboarding/android.widget.TextView - Maybank2u'

2023-03-16 19:08:53 - [MESSAGE][WARNING] - Timeout '0' is invalid. Using default page load timeout: '30'

2023-03-16 19:08:53 - [MESSAGE][PASSED] - Tapped on element 'Object Repository/MAE Onboarding/android.widget.TextView - Maybank2u'

2023-03-16 19:08:53 - [TEST_STEP][PASSED] - getText(findTestObject("Object Repository/MAE Onboarding/android.widget.TextView - Total Balance"), 0): Text of element 'Object Repository/MAE Onboarding/android.widget.TextView - Total Balance' is: 'Total Balance'

2023-03-16 19:08:53 - [MESSAGE][WARNING] - Timeout '0' is invalid. Using default page load timeout: '30'

2023-03-16 19:08:55 - [MESSAGE][PASSED] - Text of element 'Object Repository/MAE Onboarding/android.widget.TextView - Total Balance' is: 'Total Balance'

2023-03-16 19:08:55 - [TEST_STEP][PASSED] - getText(findTestObject("Object Repository/MAE Onboarding/android.widget.TextView - Savings Account-i"), 0): Text of element 'Object Repository/MAE Onboarding/android.widget.TextView - Savings Account-i' is: 'Savings Account-i'

2023-03-16 19:08:55 - [MESSAGE][WARNING] - Timeout '0' is invalid. Using default page load timeout: '30'

2023-03-16 19:08:55 - [MESSAGE][PASSED] - Text of element 'Object Repository/MAE Onboarding/android.widget.TextView - Savings Account-i' is: 'Savings Account-i'

2023-03-16 19:08:55 - [TEST_STEP][PASSED] - takeScreenshot("", CONTINUE_ON_FAILURE): Screenshot is taken

2023-03-16 19:08:56 - [MESSAGE][WARNING] - 

2023-03-16 19:08:56 - [MESSAGE][PASSED] - Screenshot is taken

2023-03-16 19:08:56 - [TEST_STEP][PASSED] - tap(findTestObject("Object Repository/MAE Onboarding/android.widget.TextView - Savings Account-i"), 0): Tapped on element 'Object Repository/MAE Onboarding/android.widget.TextView - Savings Account-i'

2023-03-16 19:08:56 - [MESSAGE][WARNING] - Timeout '0' is invalid. Using default page load timeout: '30'

2023-03-16 19:08:56 - [MESSAGE][PASSED] - Tapped on element 'Object Repository/MAE Onboarding/android.widget.TextView - Savings Account-i'

2023-03-16 19:08:56 - [TEST_STEP][PASSED] - getText(findTestObject("Object Repository/MAE Onboarding/android.widget.TextView - Transfer"), 0): Text of element 'Object Repository/MAE Onboarding/android.widget.TextView - Transfer' is: 'Transfer'

2023-03-16 19:08:56 - [MESSAGE][WARNING] - Timeout '0' is invalid. Using default page load timeout: '30'

2023-03-16 19:08:58 - [MESSAGE][PASSED] - Text of element 'Object Repository/MAE Onboarding/android.widget.TextView - Transfer' is: 'Transfer'

2023-03-16 19:08:58 - [TEST_STEP][PASSED] - tap(findTestObject("Object Repository/MAE Onboarding/android.widget.TextView - Transfer"), 0): Tapped on element 'Object Repository/MAE Onboarding/android.widget.TextView - Transfer'

2023-03-16 19:08:58 - [MESSAGE][WARNING] - Timeout '0' is invalid. Using default page load timeout: '30'

2023-03-16 19:08:58 - [MESSAGE][PASSED] - Tapped on element 'Object Repository/MAE Onboarding/android.widget.TextView - Transfer'

2023-03-16 19:08:58 - [TEST_STEP][PASSED] - closeApplication(): Close app successfully

2023-03-16 19:08:59 - [MESSAGE][PASSED] - Close app successfully]]></system-out>
         <system-err><![CDATA[]]></system-err>
      </testcase>
      <system-out><![CDATA[2023-03-16 19:06:58 - [TEST_SUITE][PASSED] - MAE_TS1: Test Cases/Mobile TC/MAE Onboarding]]></system-out>
      <system-err><![CDATA[]]></system-err>
   </testsuite>
</testsuites>
