<?xml version="1.0" encoding="UTF-8"?>
<testsuites name="MAE_TS2" time="311.683" tests="1" failures="0" errors="0">
   <testsuite name="MAE_TS2" tests="1" failures="0" errors="0" time="311.683" skipped="0" timestamp="2023-03-17 14:50:06" hostname="00123955 - L181102205W10.mshome.net" id="Test Suites/MAE_TS2">
      <properties>
         <property name="deviceName" value="samsung SM-G998B (Android 11)"/>
         <property name="devicePlatform" value=""/>
         <property name="logFolder" value="C:\\Users\\00123955\\git\\showcaseGITmarch\\Reports\\20230317_144957\\MAE_TS2\\20230317_144957"/>
         <property name="logFiles" value="C:\\Users\\00123955\\git\\showcaseGITmarch\\Reports\\20230317_144957\\MAE_TS2\\20230317_144957\\appium.log, C:\\Users\\00123955\\git\\showcaseGITmarch\\Reports\\20230317_144957\\MAE_TS2\\20230317_144957\\execution0.log"/>
         <property name="attachments" value="C:\\Users\\00123955\\git\\showcaseGITmarch\\Reports\\20230317_144957\\MAE_TS2\\20230317_144957\\1679035847069.png, C:\Users\00123955\git\screenshot\MAE\2.png, C:\Users\00123955\git\screenshot\MAE\3.png, C:\Users\00123955\git\screenshot\MAE\4.png, C:\Users\00123955\git\screenshot\MAE\5.png, C:\Users\00123955\git\screenshot\MAE\6.png, C:\Users\00123955\git\screenshot\MAE\7.png, C:\Users\00123955\git\screenshot\MAE\8.png, C:\Users\00123955\git\screenshot\MAE\9.png, C:\Users\00123955\git\screenshot\MAE\10.png"/>
         <property name="hostName" value="00123955 - L181102205W10.mshome.net"/>
         <property name="os" value="Windows 10 64bit"/>
         <property name="appiumServerStatus" value="{&quot;value&quot;:{&quot;build&quot;:{&quot;version&quot;:&quot;1.18.1&quot;}},&quot;sessionId&quot;:null,&quot;status&quot;:0}"/>
         <property name="katalonVersion" value="8.5.5.208"/>
         <property name="deviceOS" value="Android"/>
         <property name="appiumVersion" value="1.18.1"/>
         <property name="deviceModel" value="SM-G998B"/>
         <property name="hostAddress" value="192.168.174.129"/>
         <property name="deviceManufacturer" value="samsung"/>
         <property name="deviceId" value="R5CR704KXSR"/>
         <property name="deviceName" value="samsung SM-G998B (Android 11)"/>
         <property name="deviceOSVersion" value="11"/>
      </properties>
      <testcase name="Test Cases/Mobile TC/MAE Login" time="311.198" classname="Test Cases/Mobile TC/MAE Login" status="PASSED">
         <system-out><![CDATA[2023-03-17 14:50:06 - [TEST_CASE][PASSED] - Test Cases/Mobile TC/MAE Login: Test Cases/Mobile TC/MAE Login

2023-03-17 14:50:07 - [TEST_STEP][PASSED] - startExistingApplication("com.maybank2u.life", CONTINUE_ON_FAILURE): Starting app with application ID: 'com.maybank2u.life'

2023-03-17 14:50:09 - [MESSAGE][INFO] - Detected NodeJS location: "C:\Program Files\nodejs\node.exe"

2023-03-17 14:50:23 - [MESSAGE][INFO] - Appium server started on port 60,365

2023-03-17 14:50:45 - [MESSAGE][PASSED] - Starting app with application ID: 'com.maybank2u.life'

2023-03-17 14:50:45 - [TEST_STEP][PASSED] - delay(1): Delayed 1 second(s)

2023-03-17 14:50:47 - [MESSAGE][PASSED] - Delayed 1 second(s)

2023-03-17 14:50:47 - [TEST_STEP][PASSED] - takeScreenshot(): Screenshot is taken

2023-03-17 14:50:47 - [MESSAGE][PASSED] - Screenshot is taken
[[ATTACHMENT|C:\\Users\\00123955\\git\\showcaseGITmarch\\Reports\\20230317_144957\\MAE_TS2\\20230317_144957\\1679035847069.png]]

2023-03-17 14:50:47 - [TEST_STEP][PASSED] - getText(findTestObject("Object Repository/MAE Transfer/android.widget.TextView - Maybank2u"), 0): Text of element 'Object Repository/MAE Transfer/android.widget.TextView - Maybank2u' is: 'Maybank2u'

2023-03-17 14:50:48 - [MESSAGE][WARNING] - Timeout '0' is invalid. Using default page load timeout: '30'

2023-03-17 14:50:48 - [MESSAGE][PASSED] - Text of element 'Object Repository/MAE Transfer/android.widget.TextView - Maybank2u' is: 'Maybank2u'

2023-03-17 14:50:48 - [TEST_STEP][PASSED] - tap(findTestObject("Object Repository/MAE Transfer/android.widget.TextView - Maybank2u"), 0): Tapped on element 'Object Repository/MAE Transfer/android.widget.TextView - Maybank2u'

2023-03-17 14:50:48 - [MESSAGE][WARNING] - Timeout '0' is invalid. Using default page load timeout: '30'

2023-03-17 14:50:49 - [MESSAGE][PASSED] - Tapped on element 'Object Repository/MAE Transfer/android.widget.TextView - Maybank2u'

2023-03-17 14:50:49 - [TEST_STEP][PASSED] - getText(findTestObject("Object Repository/MAE Transfer/android.widget.TextView - Enter your 6-digit PIN"), 0): Text of element 'Object Repository/MAE Transfer/android.widget.TextView - Enter your 6-digit PIN' is: 'Enter your 6-digit PIN'

2023-03-17 14:50:49 - [MESSAGE][WARNING] - Timeout '0' is invalid. Using default page load timeout: '30'

2023-03-17 14:50:50 - [MESSAGE][PASSED] - Text of element 'Object Repository/MAE Transfer/android.widget.TextView - Enter your 6-digit PIN' is: 'Enter your 6-digit PIN'

2023-03-17 14:50:50 - [TEST_STEP][PASSED] - takeScreenshot("C:\Users\00123955\git\screenshot\MAE\2.png", CONTINUE_ON_FAILURE): Screenshot is taken

2023-03-17 14:50:50 - [MESSAGE][PASSED] - Screenshot is taken
[[ATTACHMENT|C:\Users\00123955\git\screenshot\MAE\2.png]]

2023-03-17 14:50:50 - [TEST_STEP][PASSED] - tap(findTestObject("Object Repository/MAE Transfer/android.widget.TextView - 1"), 0): Tapped on element 'Object Repository/MAE Transfer/android.widget.TextView - 1'

2023-03-17 14:50:50 - [MESSAGE][WARNING] - Timeout '0' is invalid. Using default page load timeout: '30'

2023-03-17 14:50:50 - [MESSAGE][PASSED] - Tapped on element 'Object Repository/MAE Transfer/android.widget.TextView - 1'

2023-03-17 14:50:50 - [TEST_STEP][PASSED] - tap(findTestObject("Object Repository/MAE Transfer/android.widget.TextView - 1"), 0): Tapped on element 'Object Repository/MAE Transfer/android.widget.TextView - 1'

2023-03-17 14:50:50 - [MESSAGE][WARNING] - Timeout '0' is invalid. Using default page load timeout: '30'

2023-03-17 14:50:52 - [MESSAGE][PASSED] - Tapped on element 'Object Repository/MAE Transfer/android.widget.TextView - 1'

2023-03-17 14:50:52 - [TEST_STEP][PASSED] - tap(findTestObject("Object Repository/MAE Transfer/android.widget.TextView - 1"), 0): Tapped on element 'Object Repository/MAE Transfer/android.widget.TextView - 1'

2023-03-17 14:50:52 - [MESSAGE][WARNING] - Timeout '0' is invalid. Using default page load timeout: '30'

2023-03-17 14:50:54 - [MESSAGE][PASSED] - Tapped on element 'Object Repository/MAE Transfer/android.widget.TextView - 1'

2023-03-17 14:50:54 - [TEST_STEP][PASSED] - tap(findTestObject("Object Repository/MAE Transfer/android.widget.TextView - 1"), 0): Tapped on element 'Object Repository/MAE Transfer/android.widget.TextView - 1'

2023-03-17 14:50:54 - [MESSAGE][WARNING] - Timeout '0' is invalid. Using default page load timeout: '30'

2023-03-17 14:50:56 - [MESSAGE][PASSED] - Tapped on element 'Object Repository/MAE Transfer/android.widget.TextView - 1'

2023-03-17 14:50:56 - [TEST_STEP][PASSED] - tap(findTestObject("Object Repository/MAE Transfer/android.widget.TextView - 1"), 0): Tapped on element 'Object Repository/MAE Transfer/android.widget.TextView - 1'

2023-03-17 14:50:56 - [MESSAGE][WARNING] - Timeout '0' is invalid. Using default page load timeout: '30'

2023-03-17 14:50:57 - [MESSAGE][PASSED] - Tapped on element 'Object Repository/MAE Transfer/android.widget.TextView - 1'

2023-03-17 14:50:57 - [TEST_STEP][PASSED] - tap(findTestObject("Object Repository/MAE Transfer/android.widget.TextView - 1"), 0): Tapped on element 'Object Repository/MAE Transfer/android.widget.TextView - 1'

2023-03-17 14:50:57 - [MESSAGE][WARNING] - Timeout '0' is invalid. Using default page load timeout: '30'

2023-03-17 14:50:59 - [MESSAGE][PASSED] - Tapped on element 'Object Repository/MAE Transfer/android.widget.TextView - 1'

2023-03-17 14:50:59 - [TEST_STEP][PASSED] - getText(findTestObject("Object Repository/MAE Transfer/android.widget.TextView - Total Balance"), 0): Text of element 'Object Repository/MAE Transfer/android.widget.TextView - Total Balance' is: 'Total Balance'

2023-03-17 14:50:59 - [MESSAGE][WARNING] - Timeout '0' is invalid. Using default page load timeout: '30'

2023-03-17 14:51:02 - [MESSAGE][PASSED] - Text of element 'Object Repository/MAE Transfer/android.widget.TextView - Total Balance' is: 'Total Balance'

2023-03-17 14:51:02 - [TEST_STEP][PASSED] - getText(findTestObject("Object Repository/MAE Transfer/android.widget.TextView - Savings Account-i"), 0): Text of element 'Object Repository/MAE Transfer/android.widget.TextView - Savings Account-i' is: 'Savings Account-i'

2023-03-17 14:51:02 - [MESSAGE][WARNING] - Timeout '0' is invalid. Using default page load timeout: '30'

2023-03-17 14:51:02 - [MESSAGE][PASSED] - Text of element 'Object Repository/MAE Transfer/android.widget.TextView - Savings Account-i' is: 'Savings Account-i'

2023-03-17 14:51:02 - [TEST_STEP][PASSED] - takeScreenshot("C:\Users\00123955\git\screenshot\MAE\3.png", CONTINUE_ON_FAILURE): Screenshot is taken

2023-03-17 14:51:03 - [MESSAGE][PASSED] - Screenshot is taken
[[ATTACHMENT|C:\Users\00123955\git\screenshot\MAE\3.png]]

2023-03-17 14:51:03 - [TEST_STEP][PASSED] - tap(findTestObject("Object Repository/MAE Transfer/android.widget.TextView - Savings Account-i"), 0): Tapped on element 'Object Repository/MAE Transfer/android.widget.TextView - Savings Account-i'

2023-03-17 14:51:03 - [MESSAGE][WARNING] - Timeout '0' is invalid. Using default page load timeout: '30'

2023-03-17 14:51:03 - [MESSAGE][PASSED] - Tapped on element 'Object Repository/MAE Transfer/android.widget.TextView - Savings Account-i'

2023-03-17 14:51:03 - [TEST_STEP][PASSED] - getText(findTestObject("Object Repository/MAE Transfer/android.widget.TextView - View Transactions"), 0): Text of element 'Object Repository/MAE Transfer/android.widget.TextView - View Transactions' is: 'View Transactions'

2023-03-17 14:51:03 - [MESSAGE][WARNING] - Timeout '0' is invalid. Using default page load timeout: '30'

2023-03-17 14:51:04 - [MESSAGE][PASSED] - Text of element 'Object Repository/MAE Transfer/android.widget.TextView - View Transactions' is: 'View Transactions'

2023-03-17 14:51:04 - [TEST_STEP][PASSED] - getText(findTestObject("Object Repository/MAE Transfer/android.widget.TextView - Transfer"), 0): Text of element 'Object Repository/MAE Transfer/android.widget.TextView - Transfer' is: 'Transfer'

2023-03-17 14:51:05 - [MESSAGE][WARNING] - Timeout '0' is invalid. Using default page load timeout: '30'

2023-03-17 14:51:05 - [MESSAGE][PASSED] - Text of element 'Object Repository/MAE Transfer/android.widget.TextView - Transfer' is: 'Transfer'

2023-03-17 14:51:05 - [TEST_STEP][PASSED] - tap(findTestObject("Object Repository/MAE Transfer/android.widget.TextView - Transfer"), 0): Tapped on element 'Object Repository/MAE Transfer/android.widget.TextView - Transfer'

2023-03-17 14:51:05 - [MESSAGE][WARNING] - Timeout '0' is invalid. Using default page load timeout: '30'

2023-03-17 14:51:06 - [MESSAGE][PASSED] - Tapped on element 'Object Repository/MAE Transfer/android.widget.TextView - Transfer'

2023-03-17 14:51:06 - [TEST_STEP][NOT_RUN] - getText(findTestObject("Object Repository/MAE Transfer/android.widget.EditText - M2U password"), 0): NOT_RUN: getText(findTestObject("Object Repository/MAE Transfer/android.widget.EditText - M2U password"), 0)

2023-03-17 14:51:06 - [MESSAGE][NOT_RUN] - NOT_RUN: getText(findTestObject("Object Repository/MAE Transfer/android.widget.EditText - M2U password"), 0)

2023-03-17 14:51:06 - [TEST_STEP][PASSED] - takeScreenshot("C:\Users\00123955\git\screenshot\MAE\4.png", CONTINUE_ON_FAILURE): Screenshot is taken

2023-03-17 14:51:06 - [MESSAGE][PASSED] - Screenshot is taken
[[ATTACHMENT|C:\Users\00123955\git\screenshot\MAE\4.png]]

2023-03-17 14:51:06 - [TEST_STEP][PASSED] - setText(findTestObject("MAE Transfer/android.widget.EditText - M2U password"), findTestData("DevOps").getValue(2, 1), 0): Text 'Mayesha@2' has been set to element 'Object Repository/MAE Transfer/android.widget.EditText - M2U password'

2023-03-17 14:51:07 - [MESSAGE][WARNING] - Timeout '0' is invalid. Using default page load timeout: '30'

2023-03-17 14:52:58 - [MESSAGE][PASSED] - Text 'Mayesha@2' has been set to element 'Object Repository/MAE Transfer/android.widget.EditText - M2U password'

2023-03-17 14:52:58 - [TEST_STEP][PASSED] - hideKeyboard(): Keyboard is hidden

2023-03-17 14:53:00 - [MESSAGE][PASSED] - Keyboard is hidden

2023-03-17 14:53:00 - [TEST_STEP][NOT_RUN] - getText(findTestObject("Object Repository/MAE Transfer/android.widget.TextView - Continue"), 0): NOT_RUN: getText(findTestObject("Object Repository/MAE Transfer/android.widget.TextView - Continue"), 0)

2023-03-17 14:53:00 - [MESSAGE][NOT_RUN] - NOT_RUN: getText(findTestObject("Object Repository/MAE Transfer/android.widget.TextView - Continue"), 0)

2023-03-17 14:53:00 - [TEST_STEP][PASSED] - tap(findTestObject("MAE Transfer/android.widget.TextView - Continue"), 0): Tapped on element 'Object Repository/MAE Transfer/android.widget.TextView - Continue'

2023-03-17 14:53:00 - [MESSAGE][WARNING] - Timeout '0' is invalid. Using default page load timeout: '30'

2023-03-17 14:54:01 - [MESSAGE][PASSED] - Tapped on element 'Object Repository/MAE Transfer/android.widget.TextView - Continue'

2023-03-17 14:54:01 - [TEST_STEP][PASSED] - delay(5): Delayed 5 second(s)

2023-03-17 14:54:06 - [MESSAGE][PASSED] - Delayed 5 second(s)

2023-03-17 14:54:06 - [TEST_STEP][PASSED] - takeScreenshot("C:\Users\00123955\git\screenshot\MAE\5.png", CONTINUE_ON_FAILURE): Screenshot is taken

2023-03-17 14:54:07 - [MESSAGE][PASSED] - Screenshot is taken
[[ATTACHMENT|C:\Users\00123955\git\screenshot\MAE\5.png]]

2023-03-17 14:54:07 - [TEST_STEP][PASSED] - tap(findTestObject("Object Repository/MAE Transfer/android.widget.TextView - MAE"), 0): Tapped on element 'Object Repository/MAE Transfer/android.widget.TextView - MAE'

2023-03-17 14:54:07 - [MESSAGE][WARNING] - Timeout '0' is invalid. Using default page load timeout: '30'

2023-03-17 14:54:58 - [MESSAGE][PASSED] - Tapped on element 'Object Repository/MAE Transfer/android.widget.TextView - MAE'

2023-03-17 14:54:58 - [TEST_STEP][PASSED] - getText(findTestObject("Object Repository/MAE Transfer/android.widget.TextView - Enter amount"), 0): Text of element 'Object Repository/MAE Transfer/android.widget.TextView - Enter amount' is: 'Enter amount'

2023-03-17 14:54:59 - [MESSAGE][WARNING] - Timeout '0' is invalid. Using default page load timeout: '30'

2023-03-17 14:54:59 - [MESSAGE][PASSED] - Text of element 'Object Repository/MAE Transfer/android.widget.TextView - Enter amount' is: 'Enter amount'

2023-03-17 14:54:59 - [TEST_STEP][PASSED] - tap(findTestObject("Object Repository/MAE Transfer/android.widget.TextView - 1 (1)"), 0): Tapped on element 'Object Repository/MAE Transfer/android.widget.TextView - 1 (1)'

2023-03-17 14:54:59 - [MESSAGE][WARNING] - Timeout '0' is invalid. Using default page load timeout: '30'

2023-03-17 14:54:59 - [MESSAGE][PASSED] - Tapped on element 'Object Repository/MAE Transfer/android.widget.TextView - 1 (1)'

2023-03-17 14:54:59 - [TEST_STEP][PASSED] - takeScreenshot("C:\Users\00123955\git\screenshot\MAE\6.png", CONTINUE_ON_FAILURE): Screenshot is taken

2023-03-17 14:55:00 - [MESSAGE][PASSED] - Screenshot is taken
[[ATTACHMENT|C:\Users\00123955\git\screenshot\MAE\6.png]]

2023-03-17 14:55:00 - [TEST_STEP][PASSED] - tap(findTestObject("Object Repository/MAE Transfer/android.widget.ImageView"), 0): Tapped on element 'Object Repository/MAE Transfer/android.widget.ImageView'

2023-03-17 14:55:00 - [MESSAGE][WARNING] - Timeout '0' is invalid. Using default page load timeout: '30'

2023-03-17 14:55:00 - [MESSAGE][PASSED] - Tapped on element 'Object Repository/MAE Transfer/android.widget.ImageView'

2023-03-17 14:55:00 - [TEST_STEP][PASSED] - getText(findTestObject("Object Repository/MAE Transfer/android.widget.TextView - Enter recipient reference"), 0): Text of element 'Object Repository/MAE Transfer/android.widget.TextView - Enter recipient reference' is: 'Enter recipient reference'

2023-03-17 14:55:00 - [MESSAGE][WARNING] - Timeout '0' is invalid. Using default page load timeout: '30'

2023-03-17 14:55:02 - [MESSAGE][PASSED] - Text of element 'Object Repository/MAE Transfer/android.widget.TextView - Enter recipient reference' is: 'Enter recipient reference'

2023-03-17 14:55:02 - [TEST_STEP][PASSED] - setText(findTestObject("Object Repository/MAE Transfer/android.widget.EditText"), "self transfer", 0): Text 'self transfer' has been set to element 'Object Repository/MAE Transfer/android.widget.EditText'

2023-03-17 14:55:03 - [MESSAGE][WARNING] - Timeout '0' is invalid. Using default page load timeout: '30'

2023-03-17 14:55:03 - [MESSAGE][PASSED] - Text 'self transfer' has been set to element 'Object Repository/MAE Transfer/android.widget.EditText'

2023-03-17 14:55:03 - [TEST_STEP][PASSED] - takeScreenshot("C:\Users\00123955\git\screenshot\MAE\7.png", CONTINUE_ON_FAILURE): Screenshot is taken

2023-03-17 14:55:04 - [MESSAGE][PASSED] - Screenshot is taken
[[ATTACHMENT|C:\Users\00123955\git\screenshot\MAE\7.png]]

2023-03-17 14:55:04 - [TEST_STEP][PASSED] - hideKeyboard(): Keyboard is hidden

2023-03-17 14:55:06 - [MESSAGE][PASSED] - Keyboard is hidden

2023-03-17 14:55:06 - [TEST_STEP][PASSED] - tap(findTestObject("Object Repository/MAE Transfer/android.widget.TextView - Continue (1)"), 0): Tapped on element 'Object Repository/MAE Transfer/android.widget.TextView - Continue (1)'

2023-03-17 14:55:06 - [MESSAGE][WARNING] - Timeout '0' is invalid. Using default page load timeout: '30'

2023-03-17 14:55:06 - [MESSAGE][PASSED] - Tapped on element 'Object Repository/MAE Transfer/android.widget.TextView - Continue (1)'

2023-03-17 14:55:06 - [TEST_STEP][PASSED] - getText(findTestObject("Object Repository/MAE Transfer/android.widget.TextView - Transfer Now"), 0): Text of element 'Object Repository/MAE Transfer/android.widget.TextView - Transfer Now' is: 'Transfer Now'

2023-03-17 14:55:06 - [MESSAGE][WARNING] - Timeout '0' is invalid. Using default page load timeout: '30'

2023-03-17 14:55:08 - [MESSAGE][PASSED] - Text of element 'Object Repository/MAE Transfer/android.widget.TextView - Transfer Now' is: 'Transfer Now'

2023-03-17 14:55:08 - [TEST_STEP][PASSED] - tap(findTestObject("MAE Transfer/android.widget.TextView - Transfer Now"), 0): Tapped on element 'Object Repository/MAE Transfer/android.widget.TextView - Transfer Now'

2023-03-17 14:55:08 - [MESSAGE][WARNING] - Timeout '0' is invalid. Using default page load timeout: '30'

2023-03-17 14:55:08 - [MESSAGE][PASSED] - Tapped on element 'Object Repository/MAE Transfer/android.widget.TextView - Transfer Now'

2023-03-17 14:55:08 - [TEST_STEP][PASSED] - takeScreenshot("C:\Users\00123955\git\screenshot\MAE\8.png", CONTINUE_ON_FAILURE): Screenshot is taken

2023-03-17 14:55:09 - [MESSAGE][PASSED] - Screenshot is taken
[[ATTACHMENT|C:\Users\00123955\git\screenshot\MAE\8.png]]

2023-03-17 14:55:09 - [TEST_STEP][PASSED] - getText(findTestObject("Object Repository/MAE Transfer/android.widget.TextView - Transfer successful"), 0): Text of element 'Object Repository/MAE Transfer/android.widget.TextView - Transfer successful' is: 'Transfer successful'

2023-03-17 14:55:09 - [MESSAGE][WARNING] - Timeout '0' is invalid. Using default page load timeout: '30'

2023-03-17 14:55:11 - [MESSAGE][PASSED] - Text of element 'Object Repository/MAE Transfer/android.widget.TextView - Transfer successful' is: 'Transfer successful'

2023-03-17 14:55:11 - [TEST_STEP][PASSED] - takeScreenshot("C:\Users\00123955\git\screenshot\MAE\9.png", CONTINUE_ON_FAILURE): Screenshot is taken

2023-03-17 14:55:11 - [MESSAGE][PASSED] - Screenshot is taken
[[ATTACHMENT|C:\Users\00123955\git\screenshot\MAE\9.png]]

2023-03-17 14:55:11 - [TEST_STEP][PASSED] - getText(findTestObject("Object Repository/MAE Transfer/android.widget.TextView - 501652585M"), 0): Text of element 'Object Repository/MAE Transfer/android.widget.TextView - 501652585M' is: '831561693M'

2023-03-17 14:55:12 - [MESSAGE][WARNING] - Timeout '0' is invalid. Using default page load timeout: '30'

2023-03-17 14:55:12 - [MESSAGE][PASSED] - Text of element 'Object Repository/MAE Transfer/android.widget.TextView - 501652585M' is: '831561693M'

2023-03-17 14:55:12 - [TEST_STEP][PASSED] - tap(findTestObject("Object Repository/MAE Transfer/android.widget.TextView - Share Receipt"), 0): Tapped on element 'Object Repository/MAE Transfer/android.widget.TextView - Share Receipt'

2023-03-17 14:55:12 - [MESSAGE][WARNING] - Timeout '0' is invalid. Using default page load timeout: '30'

2023-03-17 14:55:12 - [MESSAGE][PASSED] - Tapped on element 'Object Repository/MAE Transfer/android.widget.TextView - Share Receipt'

2023-03-17 14:55:12 - [TEST_STEP][PASSED] - getText(findTestObject("Object Repository/MAE Transfer/android.widget.TextView - Successful"), 0): Text of element 'Object Repository/MAE Transfer/android.widget.TextView - Successful' is: 'Successful'

2023-03-17 14:55:13 - [MESSAGE][WARNING] - Timeout '0' is invalid. Using default page load timeout: '30'

2023-03-17 14:55:14 - [MESSAGE][PASSED] - Text of element 'Object Repository/MAE Transfer/android.widget.TextView - Successful' is: 'Successful'

2023-03-17 14:55:14 - [TEST_STEP][PASSED] - takeScreenshot("C:\Users\00123955\git\screenshot\MAE\10.png", CONTINUE_ON_FAILURE): Screenshot is taken

2023-03-17 14:55:14 - [MESSAGE][PASSED] - Screenshot is taken
[[ATTACHMENT|C:\Users\00123955\git\screenshot\MAE\10.png]]

2023-03-17 14:55:14 - [TEST_STEP][PASSED] - tap(findTestObject("Object Repository/MAE Transfer/android.widget.ImageView (1)"), 0): Tapped on element 'Object Repository/MAE Transfer/android.widget.ImageView (1)'

2023-03-17 14:55:15 - [MESSAGE][WARNING] - Timeout '0' is invalid. Using default page load timeout: '30'

2023-03-17 14:55:15 - [MESSAGE][PASSED] - Tapped on element 'Object Repository/MAE Transfer/android.widget.ImageView (1)'

2023-03-17 14:55:15 - [TEST_STEP][PASSED] - getText(findTestObject("Object Repository/MAE Transfer/android.widget.TextView - Done"), 0): Text of element 'Object Repository/MAE Transfer/android.widget.TextView - Done' is: 'Done'

2023-03-17 14:55:15 - [MESSAGE][WARNING] - Timeout '0' is invalid. Using default page load timeout: '30'

2023-03-17 14:55:16 - [MESSAGE][PASSED] - Text of element 'Object Repository/MAE Transfer/android.widget.TextView - Done' is: 'Done'

2023-03-17 14:55:16 - [TEST_STEP][PASSED] - tap(findTestObject("MAE Transfer/android.widget.TextView - Done"), 0): Tapped on element 'Object Repository/MAE Transfer/android.widget.TextView - Done'

2023-03-17 14:55:16 - [MESSAGE][WARNING] - Timeout '0' is invalid. Using default page load timeout: '30'

2023-03-17 14:55:16 - [MESSAGE][PASSED] - Tapped on element 'Object Repository/MAE Transfer/android.widget.TextView - Done'

2023-03-17 14:55:16 - [TEST_STEP][PASSED] - closeApplication(): Close app successfully

2023-03-17 14:55:17 - [MESSAGE][PASSED] - Close app successfully]]></system-out>
         <system-err><![CDATA[]]></system-err>
      </testcase>
      <system-out><![CDATA[2023-03-17 14:50:06 - [TEST_SUITE][PASSED] - MAE_TS2: Test Cases/Mobile TC/MAE Login]]></system-out>
      <system-err><![CDATA[]]></system-err>
   </testsuite>
</testsuites>
